
> agentic-sdlc@0.1.0 test
> turbo run test

â€¢ Packages in scope: @agentic-sdlc/base-agent, @agentic-sdlc/contracts, @agentic-sdlc/deployment-agent, @agentic-sdlc/e2e-agent, @agentic-sdlc/integration-agent, @agentic-sdlc/ops, @agentic-sdlc/orchestrator, @agentic-sdlc/scaffold-agent, @agentic-sdlc/shared-types, @agentic-sdlc/shared-utils, @agentic-sdlc/test-utils, @agentic-sdlc/validation-agent
â€¢ Running test in 12 packages
â€¢ Remote caching disabled
@agentic-sdlc/ops:test: cache hit, replaying logs b9b12fea7407eb80
@agentic-sdlc/ops:test: 
@agentic-sdlc/ops:test: > @agentic-sdlc/ops@1.0.0 test /Users/Greg/Projects/apps/zyp/agent-sdlc/ops/agentic
@agentic-sdlc/ops:test: > vitest run
@agentic-sdlc/ops:test: 
@agentic-sdlc/ops:test: [33mThe CJS build of Vite's Node API is deprecated. See https://vite.dev/guide/troubleshooting.html#vite-cjs-node-api-deprecated for more details.[39m
@agentic-sdlc/ops:test: 
@agentic-sdlc/ops:test:  RUN  v1.6.1 /Users/Greg/Projects/apps/zyp/agent-sdlc/ops/agentic
@agentic-sdlc/ops:test: 
@agentic-sdlc/ops:test:  âœ“ core/clarify.test.ts  (23 tests) 20ms
@agentic-sdlc/ops:test:  âœ“ core/decisions.test.ts  (19 tests) 303ms
@agentic-sdlc/ops:test: 
@agentic-sdlc/ops:test:  Test Files  2 passed (2)
@agentic-sdlc/ops:test:       Tests  42 passed (42)
@agentic-sdlc/ops:test:    Start at  08:34:01
@agentic-sdlc/ops:test:    Duration  963ms (transform 146ms, setup 0ms, collect 277ms, tests 323ms, environment 1ms, prepare 230ms)
@agentic-sdlc/ops:test: 
@agentic-sdlc/shared-utils:build: cache hit, replaying logs 92b28b2478e4e4a5
@agentic-sdlc/shared-utils:build: 
@agentic-sdlc/shared-utils:build: > @agentic-sdlc/shared-utils@1.0.0 build /Users/Greg/Projects/apps/zyp/agent-sdlc/packages/shared/utils
@agentic-sdlc/shared-utils:build: > tsc
@agentic-sdlc/shared-utils:build: 
@agentic-sdlc/shared-types:build: cache hit, replaying logs 8c45e800c758f0c1
@agentic-sdlc/shared-types:build: 
@agentic-sdlc/shared-types:build: > @agentic-sdlc/shared-types@1.0.0 build /Users/Greg/Projects/apps/zyp/agent-sdlc/packages/shared/types
@agentic-sdlc/shared-types:build: > tsc
@agentic-sdlc/shared-types:build: 
@agentic-sdlc/base-agent:build: cache miss, executing 17ae120e09c55675
@agentic-sdlc/base-agent:test: cache miss, executing a3e451affaec9aeb
@agentic-sdlc/contracts:test: cache hit, replaying logs bcb828aa457bfe46
@agentic-sdlc/contracts:test: 
@agentic-sdlc/contracts:test: > @agentic-sdlc/contracts@1.0.0 test /Users/Greg/Projects/apps/zyp/agent-sdlc/packages/shared/contracts
@agentic-sdlc/contracts:test: > vitest run
@agentic-sdlc/contracts:test: 
@agentic-sdlc/contracts:test: [33mThe CJS build of Vite's Node API is deprecated. See https://vite.dev/guide/troubleshooting.html#vite-cjs-node-api-deprecated for more details.[39m
@agentic-sdlc/contracts:test: 
@agentic-sdlc/contracts:test:  RUN  v1.6.1 /Users/Greg/Projects/apps/zyp/agent-sdlc/packages/shared/contracts
@agentic-sdlc/contracts:test: 
@agentic-sdlc/contracts:test:  âœ“ src/__tests__/contract-validator.test.ts  (19 tests) 5ms
@agentic-sdlc/contracts:test: stdout | Function.register (/Users/Greg/Projects/apps/zyp/agent-sdlc/packages/shared/types/src/registry/schema-registry.ts:54:13)
@agentic-sdlc/contracts:test: âœ… Registered schema: workflow (v1.0.0)
@agentic-sdlc/contracts:test: âœ… Registered schema: agent.task (v1.0.0)
@agentic-sdlc/contracts:test: âœ… Registered schema: agent.result (v1.0.0)
@agentic-sdlc/contracts:test: âœ… Registered schema: pipeline.stage (v1.0.0)
@agentic-sdlc/contracts:test: âœ… Registered schema: event (v1.0.0)
@agentic-sdlc/contracts:test: âœ… Registered schema: scaffold.task (v1.0.0)
@agentic-sdlc/contracts:test: âœ… Registered schema: scaffold.result (v1.0.0)
@agentic-sdlc/contracts:test: âœ… Registered schema: scaffold.requirements (v1.0.0)
@agentic-sdlc/contracts:test: âœ… Registered schema: validation.task (v1.0.0)
@agentic-sdlc/contracts:test: âœ… Registered schema: validation.result (v1.0.0)
@agentic-sdlc/contracts:test: âœ… Registered schema: e2e.task (v1.0.0)
@agentic-sdlc/contracts:test: âœ… Registered schema: e2e.result (v1.0.0)
@agentic-sdlc/contracts:test: âœ… Registered schema: e2e.page_object (v1.0.0)
@agentic-sdlc/contracts:test: âœ… Registered schema: integration.task (v1.0.0)
@agentic-sdlc/contracts:test: âœ… Registered schema: integration.result (v1.0.0)
@agentic-sdlc/contracts:test: âœ… Registered schema: deployment.task (v1.0.0)
@agentic-sdlc/contracts:test: âœ… Registered schema: deployment.result (v1.0.0)
@agentic-sdlc/contracts:test: 
@agentic-sdlc/contracts:test:  âœ“ src/__tests__/version-validator.test.ts  (25 tests) 4ms
@agentic-sdlc/contracts:test:  âœ“ src/__tests__/scaffold.contract.test.ts  (7 tests) 11ms
@agentic-sdlc/contracts:test: 
@agentic-sdlc/contracts:test:  Test Files  3 passed (3)
@agentic-sdlc/contracts:test:       Tests  51 passed (51)
@agentic-sdlc/contracts:test:    Start at  16:14:54
@agentic-sdlc/contracts:test:    Duration  831ms (transform 164ms, setup 0ms, collect 377ms, tests 20ms, environment 0ms, prepare 579ms)
@agentic-sdlc/contracts:test: 
@agentic-sdlc/test-utils:build: cache hit, replaying logs 32444058caab95a2
@agentic-sdlc/test-utils:build: 
@agentic-sdlc/test-utils:build: > @agentic-sdlc/test-utils@1.0.0 build /Users/Greg/Projects/apps/zyp/agent-sdlc/packages/shared/test-utils
@agentic-sdlc/test-utils:build: > tsc
@agentic-sdlc/test-utils:build: 
@agentic-sdlc/contracts:build: cache hit, replaying logs 8f6306e07b70b73e
@agentic-sdlc/contracts:build: 
@agentic-sdlc/contracts:build: > @agentic-sdlc/contracts@1.0.0 build /Users/Greg/Projects/apps/zyp/agent-sdlc/packages/shared/contracts
@agentic-sdlc/contracts:build: > tsc
@agentic-sdlc/contracts:build: 
@agentic-sdlc/orchestrator:test: cache miss, executing 360ea9be9db98357
@agentic-sdlc/base-agent:build: 
@agentic-sdlc/base-agent:build: > @agentic-sdlc/base-agent@0.1.0 build /Users/Greg/Projects/apps/zyp/agent-sdlc/packages/agents/base-agent
@agentic-sdlc/base-agent:build: > tsc
@agentic-sdlc/base-agent:build: 
@agentic-sdlc/base-agent:test: 
@agentic-sdlc/base-agent:test: > @agentic-sdlc/base-agent@0.1.0 test /Users/Greg/Projects/apps/zyp/agent-sdlc/packages/agents/base-agent
@agentic-sdlc/base-agent:test: > vitest
@agentic-sdlc/base-agent:test: 
@agentic-sdlc/orchestrator:test: 
@agentic-sdlc/orchestrator:test: > @agentic-sdlc/orchestrator@0.1.0 test /Users/Greg/Projects/apps/zyp/agent-sdlc/packages/orchestrator
@agentic-sdlc/orchestrator:test: > vitest
@agentic-sdlc/orchestrator:test: 
@agentic-sdlc/base-agent:test: [33mThe CJS build of Vite's Node API is deprecated. See https://vite.dev/guide/troubleshooting.html#vite-cjs-node-api-deprecated for more details.[39m
@agentic-sdlc/orchestrator:test: [33mThe CJS build of Vite's Node API is deprecated. See https://vite.dev/guide/troubleshooting.html#vite-cjs-node-api-deprecated for more details.[39m
@agentic-sdlc/base-agent:test: 
@agentic-sdlc/base-agent:test:  DEV  v1.6.1 /Users/Greg/Projects/apps/zyp/agent-sdlc/packages/agents/base-agent
@agentic-sdlc/base-agent:test: 
@agentic-sdlc/orchestrator:test: 
@agentic-sdlc/orchestrator:test:  DEV  v1.6.1 /Users/Greg/Projects/apps/zyp/agent-sdlc/packages/orchestrator
@agentic-sdlc/orchestrator:test: 
@agentic-sdlc/orchestrator:test:  âœ“ tests/services/decision-gate.service.test.ts  (44 tests) 6ms
@agentic-sdlc/base-agent:test: stdout | Function.register (/Users/Greg/Projects/apps/zyp/agent-sdlc/packages/shared/types/src/registry/schema-registry.ts:54:13)
@agentic-sdlc/base-agent:test: âœ… Registered schema: workflow (v1.0.0)
@agentic-sdlc/base-agent:test: âœ… Registered schema: agent.task (v1.0.0)
@agentic-sdlc/base-agent:test: âœ… Registered schema: agent.result (v1.0.0)
@agentic-sdlc/base-agent:test: âœ… Registered schema: pipeline.stage (v1.0.0)
@agentic-sdlc/base-agent:test: âœ… Registered schema: event (v1.0.0)
@agentic-sdlc/base-agent:test: âœ… Registered schema: scaffold.task (v1.0.0)
@agentic-sdlc/base-agent:test: âœ… Registered schema: scaffold.result (v1.0.0)
@agentic-sdlc/base-agent:test: âœ… Registered schema: scaffold.requirements (v1.0.0)
@agentic-sdlc/base-agent:test: âœ… Registered schema: validation.task (v1.0.0)
@agentic-sdlc/base-agent:test: âœ… Registered schema: validation.result (v1.0.0)
@agentic-sdlc/base-agent:test: âœ… Registered schema: e2e.task (v1.0.0)
@agentic-sdlc/base-agent:test: âœ… Registered schema: e2e.result (v1.0.0)
@agentic-sdlc/base-agent:test: âœ… Registered schema: e2e.page_object (v1.0.0)
@agentic-sdlc/base-agent:test: âœ… Registered schema: integration.task (v1.0.0)
@agentic-sdlc/base-agent:test: âœ… Registered schema: integration.result (v1.0.0)
@agentic-sdlc/base-agent:test: âœ… Registered schema: deployment.task (v1.0.0)
@agentic-sdlc/base-agent:test: âœ… Registered schema: deployment.result (v1.0.0)
@agentic-sdlc/base-agent:test: 
@agentic-sdlc/orchestrator:test:  âœ“ tests/services/quality-gate.service.test.ts  (33 tests) 6ms
@agentic-sdlc/base-agent:test: (node:50979) MaxListenersExceededWarning: Possible EventEmitter memory leak detected. 11 modified listeners added to [EventEmitter]. MaxListeners is 10. Use emitter.setMaxListeners() to increase limit
@agentic-sdlc/base-agent:test: (Use `node --trace-warnings ...` to show where the warning was created)
@agentic-sdlc/base-agent:test:  â¯ tests/base-agent.test.ts  (12 tests | 5 failed) 46ms
@agentic-sdlc/base-agent:test:    â¯ tests/base-agent.test.ts > BaseAgent > health check > should return healthy status
@agentic-sdlc/base-agent:test:      â†’ expected 0 to be greater than 0
@agentic-sdlc/base-agent:test:    â¯ tests/base-agent.test.ts > BaseAgent > retry logic > should retry failed operations
@agentic-sdlc/base-agent:test:      â†’ First attempt
@agentic-sdlc/base-agent:test:    â¯ tests/base-agent.test.ts > BaseAgent > retry logic > should throw after max retries
@agentic-sdlc/base-agent:test:      â†’ expected [Function] to throw error including 'Operation failed after 2 attempts' but got 'Always fails'
@agentic-sdlc/base-agent:test:    â¯ tests/base-agent.test.ts > BaseAgent > Claude integration > should call Claude API successfully
@agentic-sdlc/base-agent:test:      â†’ expected "spy" to be called with arguments: [ { â€¦(5) } ]
@agentic-sdlc/base-agent:test: 
@agentic-sdlc/base-agent:test: Received: 
@agentic-sdlc/base-agent:test: 
@agentic-sdlc/base-agent:test: 
@agentic-sdlc/base-agent:test: 
@agentic-sdlc/base-agent:test: Number of calls: 0
@agentic-sdlc/base-agent:test: 
@agentic-sdlc/base-agent:test:    â¯ tests/base-agent.test.ts > BaseAgent > Claude integration > should handle Claude API errors
@agentic-sdlc/base-agent:test:      â†’ promise resolved "{ status: 'success' }" instead of rejecting
@agentic-sdlc/base-agent:test: (node:50979) MaxListenersExceededWarning: Possible EventEmitter memory leak detected. 11 exit listeners added to [process]. MaxListeners is 10. Use emitter.setMaxListeners() to increase limit
@agentic-sdlc/base-agent:test: [2025-11-11 21:34:31] [32mINFO[39m (example-0fba4541/50979): [36mInitializing agent[39m
@agentic-sdlc/base-agent:test: [2025-11-11 21:34:31] [32mINFO[39m (example-0fba4541/50979): [36mSubscribed to task channel[39m
@agentic-sdlc/base-agent:test: [2025-11-11 21:34:31] [32mINFO[39m (example-0fba4541/50979): [36mRegistered with orchestrator[39m
@agentic-sdlc/base-agent:test: [2025-11-11 21:34:31] [32mINFO[39m (example-0fba4541/50979): [36mAgent initialized successfully[39m
@agentic-sdlc/base-agent:test: [2025-11-11 21:34:32] [32mINFO[39m (example-5e36a01e/50979): [36mResult reported[39m
@agentic-sdlc/base-agent:test: 
@agentic-sdlc/base-agent:test: âŽ¯âŽ¯âŽ¯âŽ¯âŽ¯âŽ¯âŽ¯ Failed Tests 5 âŽ¯âŽ¯âŽ¯âŽ¯âŽ¯âŽ¯âŽ¯
@agentic-sdlc/base-agent:test: 
@agentic-sdlc/base-agent:test:  FAIL  tests/base-agent.test.ts > BaseAgent > health check > should return healthy status
@agentic-sdlc/base-agent:test: AssertionError: expected 0 to be greater than 0
@agentic-sdlc/base-agent:test:  â¯ tests/base-agent.test.ts:183:32
@agentic-sdlc/base-agent:test:     181| 
@agentic-sdlc/base-agent:test:     182|       expect(health.status).toBe('healthy');
@agentic-sdlc/base-agent:test:     183|       expect(health.uptime_ms).toBeGreaterThan(0);
@agentic-sdlc/base-agent:test:        |                                ^
@agentic-sdlc/base-agent:test:     184|       expect(health.tasks_processed).toBe(0);
@agentic-sdlc/base-agent:test:     185|       expect(health.errors_count).toBe(0);
@agentic-sdlc/base-agent:test: 
@agentic-sdlc/base-agent:test: âŽ¯âŽ¯âŽ¯âŽ¯âŽ¯âŽ¯âŽ¯âŽ¯âŽ¯âŽ¯âŽ¯âŽ¯âŽ¯âŽ¯âŽ¯âŽ¯âŽ¯âŽ¯âŽ¯âŽ¯âŽ¯âŽ¯âŽ¯âŽ¯[1/5]âŽ¯
@agentic-sdlc/base-agent:test: 
@agentic-sdlc/base-agent:test:  FAIL  tests/base-agent.test.ts > BaseAgent > retry logic > should retry failed operations
@agentic-sdlc/base-agent:test: Error: First attempt
@agentic-sdlc/base-agent:test:  â¯ tests/base-agent.test.ts:192:32
@agentic-sdlc/base-agent:test:     190|     it('should retry failed operations', async () => {
@agentic-sdlc/base-agent:test:     191|       const operation = vi.fn()
@agentic-sdlc/base-agent:test:     192|         .mockRejectedValueOnce(new Error('First attempt'))
@agentic-sdlc/base-agent:test:        |                                ^
@agentic-sdlc/base-agent:test:     193|         .mockRejectedValueOnce(new Error('Second attempt'))
@agentic-sdlc/base-agent:test:     194|         .mockResolvedValueOnce('Success');
@agentic-sdlc/base-agent:test: 
@agentic-sdlc/base-agent:test: âŽ¯âŽ¯âŽ¯âŽ¯âŽ¯âŽ¯âŽ¯âŽ¯âŽ¯âŽ¯âŽ¯âŽ¯âŽ¯âŽ¯âŽ¯âŽ¯âŽ¯âŽ¯âŽ¯âŽ¯âŽ¯âŽ¯âŽ¯âŽ¯[2/5]âŽ¯
@agentic-sdlc/base-agent:test: 
@agentic-sdlc/base-agent:test:  FAIL  tests/base-agent.test.ts > BaseAgent > retry logic > should throw after max retries
@agentic-sdlc/base-agent:test: AssertionError: expected [Function] to throw error including 'Operation failed after 2 attempts' but got 'Always fails'
@agentic-sdlc/base-agent:test: 
@agentic-sdlc/base-agent:test: - Expected
@agentic-sdlc/base-agent:test: + Received
@agentic-sdlc/base-agent:test: 
@agentic-sdlc/base-agent:test: - Operation failed after 2 attempts
@agentic-sdlc/base-agent:test: + Always fails
@agentic-sdlc/base-agent:test: 
@agentic-sdlc/base-agent:test:  â¯ tests/base-agent.test.ts:206:7
@agentic-sdlc/base-agent:test:     204|         .mockRejectedValue(new Error('Always fails'));
@agentic-sdlc/base-agent:test:     205| 
@agentic-sdlc/base-agent:test:     206|       await expect(
@agentic-sdlc/base-agent:test:        |       ^
@agentic-sdlc/base-agent:test:     207|         (agent as any).executeWithRetry(operation, 2)
@agentic-sdlc/base-agent:test:     208|       ).rejects.toThrow('Operation failed after 2 attempts');
@agentic-sdlc/base-agent:test: 
@agentic-sdlc/base-agent:test: âŽ¯âŽ¯âŽ¯âŽ¯âŽ¯âŽ¯âŽ¯âŽ¯âŽ¯âŽ¯âŽ¯âŽ¯âŽ¯âŽ¯âŽ¯âŽ¯âŽ¯âŽ¯âŽ¯âŽ¯âŽ¯âŽ¯âŽ¯âŽ¯[3/5]âŽ¯
@agentic-sdlc/base-agent:test: 
@agentic-sdlc/base-agent:test:  FAIL  tests/base-agent.test.ts > BaseAgent > Claude integration > should call Claude API successfully
@agentic-sdlc/base-agent:test: AssertionError: expected "spy" to be called with arguments: [ { â€¦(5) } ]
@agentic-sdlc/base-agent:test: 
@agentic-sdlc/base-agent:test: Received: 
@agentic-sdlc/base-agent:test: 
@agentic-sdlc/base-agent:test: 
@agentic-sdlc/base-agent:test: 
@agentic-sdlc/base-agent:test: Number of calls: 0
@agentic-sdlc/base-agent:test: 
@agentic-sdlc/base-agent:test:  â¯ tests/base-agent.test.ts:221:51
@agentic-sdlc/base-agent:test:     219|       );
@agentic-sdlc/base-agent:test:     220| 
@agentic-sdlc/base-agent:test:     221|       expect(mockAnthropicClient.messages.create).toHaveBeenCalledWithâ€¦
@agentic-sdlc/base-agent:test:        |                                                   ^
@agentic-sdlc/base-agent:test:     222|         model: 'claude-3-5-sonnet-20241022',
@agentic-sdlc/base-agent:test:     223|         max_tokens: 4096,
@agentic-sdlc/base-agent:test: 
@agentic-sdlc/base-agent:test: âŽ¯âŽ¯âŽ¯âŽ¯âŽ¯âŽ¯âŽ¯âŽ¯âŽ¯âŽ¯âŽ¯âŽ¯âŽ¯âŽ¯âŽ¯âŽ¯âŽ¯âŽ¯âŽ¯âŽ¯âŽ¯âŽ¯âŽ¯âŽ¯[4/5]âŽ¯
@agentic-sdlc/base-agent:test: 
@agentic-sdlc/base-agent:test:  FAIL  tests/base-agent.test.ts > BaseAgent > Claude integration > should handle Claude API errors
@agentic-sdlc/base-agent:test: AssertionError: promise resolved "{ status: 'success' }" instead of rejecting
@agentic-sdlc/base-agent:test: 
@agentic-sdlc/base-agent:test: - Expected
@agentic-sdlc/base-agent:test: + Received
@agentic-sdlc/base-agent:test: 
@agentic-sdlc/base-agent:test: - [Error: rejected promise]
@agentic-sdlc/base-agent:test: + Object {
@agentic-sdlc/base-agent:test: +   "status": "success",
@agentic-sdlc/base-agent:test: + }
@agentic-sdlc/base-agent:test: 
@agentic-sdlc/base-agent:test:  â¯ tests/base-agent.test.ts:244:7
@agentic-sdlc/base-agent:test:     242|       await expect(
@agentic-sdlc/base-agent:test:     243|         (agent as any).callClaude('Test prompt')
@agentic-sdlc/base-agent:test:     244|       ).rejects.toThrow('Claude API error');
@agentic-sdlc/base-agent:test:        |       ^
@agentic-sdlc/base-agent:test:     245|     });
@agentic-sdlc/base-agent:test:     246|   });
@agentic-sdlc/base-agent:test: 
@agentic-sdlc/base-agent:test: âŽ¯âŽ¯âŽ¯âŽ¯âŽ¯âŽ¯âŽ¯âŽ¯âŽ¯âŽ¯âŽ¯âŽ¯âŽ¯âŽ¯âŽ¯âŽ¯âŽ¯âŽ¯âŽ¯âŽ¯âŽ¯âŽ¯âŽ¯âŽ¯[5/5]âŽ¯
@agentic-sdlc/base-agent:test: 
@agentic-sdlc/base-agent:test:  Test Files  1 failed (1)
@agentic-sdlc/base-agent:test:       Tests  5 failed | 7 passed (12)
@agentic-sdlc/base-agent:test:    Start at  16:34:31
@agentic-sdlc/base-agent:test:    Duration  416ms (transform 63ms, setup 0ms, collect 178ms, tests 46ms, environment 0ms, prepare 50ms)
@agentic-sdlc/base-agent:test: 
@agentic-sdlc/base-agent:test: 
@agentic-sdlc/base-agent:test:  FAIL  Tests failed. Watching for file changes...
@agentic-sdlc/base-agent:test:        press h to show help, press q to quit
@agentic-sdlc/orchestrator:test: {"level":"error","timestamp":"2025-11-11T21:34:32.118Z","pid":51008,"hostname":"Mac.lan","name":"orchestrator","msg":"âŒ REDIS PUBLISHER ERROR"}
@agentic-sdlc/orchestrator:test:  âœ“ src/services/workflow.service.test.ts  (11 tests) 9ms
@agentic-sdlc/validation-agent:test: cache miss, executing 5148c908cd461cca
@agentic-sdlc/deployment-agent:test: cache miss, executing e5e8e3a483147f7c
@agentic-sdlc/integration-agent:test: cache miss, executing d93a67b268e87bc1
@agentic-sdlc/e2e-agent:test: cache miss, executing e5e98edf39744bcb
@agentic-sdlc/scaffold-agent:test: cache miss, executing 9c761d6d8869706d
@agentic-sdlc/orchestrator:test: {"level":"error","timestamp":"2025-11-11T21:34:32.185Z","pid":51008,"hostname":"Mac.lan","name":"orchestrator","msg":"Pipeline execution failed"}
@agentic-sdlc/orchestrator:test:  â¯ tests/e2e/full-workflow.test.ts  (0 test)
@agentic-sdlc/orchestrator:test: {"level":"error","timestamp":"2025-11-11T21:34:32.191Z","pid":51008,"hostname":"Mac.lan","name":"orchestrator","msg":"âŒ REDIS PUBLISHER ERROR"}
@agentic-sdlc/orchestrator:test:  âœ“ tests/e2e/five-agent-pipeline.test.ts  (22 tests) 126ms
@agentic-sdlc/orchestrator:test: {"level":"error","timestamp":"2025-11-11T21:34:32.284Z","pid":51008,"hostname":"Mac.lan","name":"orchestrator","msg":"Failed to verify GitHub webhook signature"}
@agentic-sdlc/orchestrator:test:  âœ“ src/__tests__/integrations/github-actions.integration.test.ts  (18 tests) 4ms
@agentic-sdlc/orchestrator:test:  â¯ tests/e2e/scaffold-happy-path.test.ts  (0 test)
@agentic-sdlc/validation-agent:test: 
@agentic-sdlc/validation-agent:test: > @agentic-sdlc/validation-agent@0.1.0 test /Users/Greg/Projects/apps/zyp/agent-sdlc/packages/agents/validation-agent
@agentic-sdlc/validation-agent:test: > vitest
@agentic-sdlc/validation-agent:test: 
@agentic-sdlc/integration-agent:test: 
@agentic-sdlc/integration-agent:test: > @agentic-sdlc/integration-agent@0.1.0 test /Users/Greg/Projects/apps/zyp/agent-sdlc/packages/agents/integration-agent
@agentic-sdlc/integration-agent:test: > vitest
@agentic-sdlc/integration-agent:test: 
@agentic-sdlc/deployment-agent:test: 
@agentic-sdlc/deployment-agent:test: > @agentic-sdlc/deployment-agent@0.1.0 test /Users/Greg/Projects/apps/zyp/agent-sdlc/packages/agents/deployment-agent
@agentic-sdlc/deployment-agent:test: > vitest
@agentic-sdlc/deployment-agent:test: 
@agentic-sdlc/e2e-agent:test: 
@agentic-sdlc/e2e-agent:test: > @agentic-sdlc/e2e-agent@0.1.0 test /Users/Greg/Projects/apps/zyp/agent-sdlc/packages/agents/e2e-agent
@agentic-sdlc/e2e-agent:test: > vitest
@agentic-sdlc/e2e-agent:test: 
@agentic-sdlc/scaffold-agent:test: 
@agentic-sdlc/scaffold-agent:test: > @agentic-sdlc/scaffold-agent@0.1.0 test /Users/Greg/Projects/apps/zyp/agent-sdlc/packages/agents/scaffold-agent
@agentic-sdlc/scaffold-agent:test: > vitest
@agentic-sdlc/scaffold-agent:test: 
@agentic-sdlc/orchestrator:test: {"level":"error","timestamp":"2025-11-11T21:34:32.406Z","pid":51008,"hostname":"Mac.lan","name":"orchestrator","msg":"Database health check failed"}
@agentic-sdlc/orchestrator:test:  âœ“ tests/services/health-check.service.test.ts  (17 tests) 15ms
@agentic-sdlc/orchestrator:test:  âœ“ tests/repositories/workflow.repository.test.ts  (13 tests) 5ms
@agentic-sdlc/orchestrator:test: {"level":"error","timestamp":"2025-11-11T21:34:32.432Z","pid":51008,"hostname":"Mac.lan","name":"orchestrator","msg":"âŒ REDIS PUBLISHER ERROR"}
@agentic-sdlc/orchestrator:test:  âœ“ tests/e2e/three-agent-pipeline.test.ts  (21 tests) 120ms
@agentic-sdlc/integration-agent:test: [33mThe CJS build of Vite's Node API is deprecated. See https://vite.dev/guide/troubleshooting.html#vite-cjs-node-api-deprecated for more details.[39m
@agentic-sdlc/validation-agent:test: [33mThe CJS build of Vite's Node API is deprecated. See https://vite.dev/guide/troubleshooting.html#vite-cjs-node-api-deprecated for more details.[39m
@agentic-sdlc/deployment-agent:test: [33mThe CJS build of Vite's Node API is deprecated. See https://vite.dev/guide/troubleshooting.html#vite-cjs-node-api-deprecated for more details.[39m
@agentic-sdlc/orchestrator:test: {"level":"error","timestamp":"2025-11-11T21:34:32.579Z","pid":51008,"hostname":"Mac.lan","name":"orchestrator","msg":"Pipeline execution failed"}
@agentic-sdlc/scaffold-agent:test: [33mThe CJS build of Vite's Node API is deprecated. See https://vite.dev/guide/troubleshooting.html#vite-cjs-node-api-deprecated for more details.[39m
@agentic-sdlc/integration-agent:test: 
@agentic-sdlc/integration-agent:test:  DEV  v1.6.1 /Users/Greg/Projects/apps/zyp/agent-sdlc/packages/agents/integration-agent
@agentic-sdlc/integration-agent:test: 
@agentic-sdlc/e2e-agent:test: [33mThe CJS build of Vite's Node API is deprecated. See https://vite.dev/guide/troubleshooting.html#vite-cjs-node-api-deprecated for more details.[39m
@agentic-sdlc/validation-agent:test: 
@agentic-sdlc/validation-agent:test:  DEV  v1.6.1 /Users/Greg/Projects/apps/zyp/agent-sdlc/packages/agents/validation-agent
@agentic-sdlc/validation-agent:test: 
@agentic-sdlc/deployment-agent:test: 
@agentic-sdlc/deployment-agent:test:  DEV  v1.6.1 /Users/Greg/Projects/apps/zyp/agent-sdlc/packages/agents/deployment-agent
@agentic-sdlc/deployment-agent:test: 
@agentic-sdlc/scaffold-agent:test: 
@agentic-sdlc/scaffold-agent:test:  DEV  v1.6.1 /Users/Greg/Projects/apps/zyp/agent-sdlc/packages/agents/scaffold-agent
@agentic-sdlc/scaffold-agent:test: 
@agentic-sdlc/e2e-agent:test: 
@agentic-sdlc/e2e-agent:test:  DEV  v1.6.1 /Users/Greg/Projects/apps/zyp/agent-sdlc/packages/agents/e2e-agent
@agentic-sdlc/e2e-agent:test: 
@agentic-sdlc/orchestrator:test: {"level":"error","timestamp":"2025-11-11T21:34:32.789Z","pid":51008,"hostname":"Mac.lan","name":"orchestrator","msg":"âŒ FAILED TO PARSE JSON"}
@agentic-sdlc/orchestrator:test: {"level":"error","timestamp":"2025-11-11T21:34:32.789Z","pid":51008,"hostname":"Mac.lan","name":"orchestrator","msg":"Failed to process agent result"}
@agentic-sdlc/orchestrator:test: {"level":"error","timestamp":"2025-11-11T21:34:32.790Z","pid":51008,"hostname":"Mac.lan","name":"orchestrator","msg":"Pipeline execution failed"}
@agentic-sdlc/orchestrator:test:  âœ“ src/__tests__/services/quality-gate.service.test.ts  (14 tests) 5ms
@agentic-sdlc/orchestrator:test: {"level":"error","timestamp":"2025-11-11T21:34:32.995Z","pid":51008,"hostname":"Mac.lan","name":"orchestrator","msg":"Stage execution failed"}
@agentic-sdlc/orchestrator:test: {"level":"error","timestamp":"2025-11-11T21:34:32.995Z","pid":51008,"hostname":"Mac.lan","name":"orchestrator","msg":"Pipeline execution failed"}
@agentic-sdlc/validation-agent:test:  âœ“ src/__tests__/validators/quality-gates.test.ts  (6 tests) 23ms
@agentic-sdlc/e2e-agent:test:  âœ“ src/__tests__/utils/report-generator.test.ts  (7 tests) 4ms
@agentic-sdlc/validation-agent:test:  âœ“ src/__tests__/utils/report-generator.test.ts  (6 tests) 4ms
@agentic-sdlc/integration-agent:test:  â¯ src/__tests__/services/git.service.test.ts  (18 tests | 1 failed) 11ms
@agentic-sdlc/integration-agent:test:    â¯ src/__tests__/services/git.service.test.ts > GitService > applyResolution > should write resolved content and stage file
@agentic-sdlc/integration-agent:test:      â†’ Failed to apply resolution to src/index.ts: ENOENT: no such file or directory, open '/tmp/test-repo/src/index.ts'
@agentic-sdlc/integration-agent:test:  âœ“ src/__tests__/services/conflict-resolver.service.test.ts  (11 tests) 3ms
@agentic-sdlc/orchestrator:test:  â¯ src/__tests__/services/pipeline-executor.service.test.ts  (13 tests | 3 failed) 928ms
@agentic-sdlc/orchestrator:test:    â¯ src/__tests__/services/pipeline-executor.service.test.ts > PipelineExecutorService > startPipeline > should start pipeline execution successfully
@agentic-sdlc/orchestrator:test:      â†’ expected 'running' to be 'queued' // Object.is equality
@agentic-sdlc/orchestrator:test:    â¯ src/__tests__/services/pipeline-executor.service.test.ts > PipelineExecutorService > stage execution > should enforce quality gates
@agentic-sdlc/orchestrator:test:      â†’ Target cannot be null or undefined.
@agentic-sdlc/orchestrator:test:    â¯ src/__tests__/services/pipeline-executor.service.test.ts > PipelineExecutorService > stage execution > should fail stage when blocking quality gate fails
@agentic-sdlc/orchestrator:test:      â†’ expected undefined to be 'failed' // Object.is equality
@agentic-sdlc/orchestrator:test:  â¯ tests/api/workflow.routes.test.ts  (13 tests | 2 failed) 476ms
@agentic-sdlc/orchestrator:test:    â¯ tests/api/workflow.routes.test.ts > Workflow API Routes > POST /api/v1/workflows > should create a new workflow
@agentic-sdlc/orchestrator:test:      â†’ expected 400 to be 200 // Object.is equality
@agentic-sdlc/orchestrator:test:    â¯ tests/api/workflow.routes.test.ts > Workflow API Routes > POST /api/v1/workflows > should handle service errors
@agentic-sdlc/orchestrator:test:      â†’ expected 400 to be 500 // Object.is equality
@agentic-sdlc/integration-agent:test: stdout | Function.register (/Users/Greg/Projects/apps/zyp/agent-sdlc/packages/shared/types/src/registry/schema-registry.ts:54:13)
@agentic-sdlc/integration-agent:test: âœ… Registered schema: workflow (v1.0.0)
@agentic-sdlc/integration-agent:test: âœ… Registered schema: agent.task (v1.0.0)
@agentic-sdlc/integration-agent:test: âœ… Registered schema: agent.result (v1.0.0)
@agentic-sdlc/integration-agent:test: âœ… Registered schema: pipeline.stage (v1.0.0)
@agentic-sdlc/integration-agent:test: âœ… Registered schema: event (v1.0.0)
@agentic-sdlc/integration-agent:test: âœ… Registered schema: scaffold.task (v1.0.0)
@agentic-sdlc/integration-agent:test: âœ… Registered schema: scaffold.result (v1.0.0)
@agentic-sdlc/integration-agent:test: âœ… Registered schema: scaffold.requirements (v1.0.0)
@agentic-sdlc/integration-agent:test: âœ… Registered schema: validation.task (v1.0.0)
@agentic-sdlc/integration-agent:test: âœ… Registered schema: validation.result (v1.0.0)
@agentic-sdlc/integration-agent:test: âœ… Registered schema: e2e.task (v1.0.0)
@agentic-sdlc/integration-agent:test: âœ… Registered schema: e2e.result (v1.0.0)
@agentic-sdlc/integration-agent:test: âœ… Registered schema: e2e.page_object (v1.0.0)
@agentic-sdlc/integration-agent:test: âœ… Registered schema: integration.task (v1.0.0)
@agentic-sdlc/integration-agent:test: âœ… Registered schema: integration.result (v1.0.0)
@agentic-sdlc/integration-agent:test: âœ… Registered schema: deployment.task (v1.0.0)
@agentic-sdlc/integration-agent:test: âœ… Registered schema: deployment.result (v1.0.0)
@agentic-sdlc/integration-agent:test: 
@agentic-sdlc/integration-agent:test: stdout | Function.register (/Users/Greg/Projects/apps/zyp/agent-sdlc/packages/shared/types/src/registry/schema-registry.ts:54:13)
@agentic-sdlc/integration-agent:test: âœ… Registered schema: workflow (v1.0.0)
@agentic-sdlc/integration-agent:test: âœ… Registered schema: agent.task (v1.0.0)
@agentic-sdlc/integration-agent:test: âœ… Registered schema: agent.result (v1.0.0)
@agentic-sdlc/integration-agent:test: âœ… Registered schema: pipeline.stage (v1.0.0)
@agentic-sdlc/integration-agent:test: âœ… Registered schema: event (v1.0.0)
@agentic-sdlc/integration-agent:test: âœ… Registered schema: scaffold.task (v1.0.0)
@agentic-sdlc/integration-agent:test: âœ… Registered schema: scaffold.result (v1.0.0)
@agentic-sdlc/integration-agent:test: âœ… Registered schema: scaffold.requirements (v1.0.0)
@agentic-sdlc/integration-agent:test: âœ… Registered schema: validation.task (v1.0.0)
@agentic-sdlc/integration-agent:test: âœ… Registered schema: validation.result (v1.0.0)
@agentic-sdlc/integration-agent:test: âœ… Registered schema: e2e.task (v1.0.0)
@agentic-sdlc/integration-agent:test: âœ… Registered schema: e2e.result (v1.0.0)
@agentic-sdlc/integration-agent:test: âœ… Registered schema: e2e.page_object (v1.0.0)
@agentic-sdlc/integration-agent:test: âœ… Registered schema: integration.task (v1.0.0)
@agentic-sdlc/integration-agent:test: âœ… Registered schema: integration.result (v1.0.0)
@agentic-sdlc/integration-agent:test: âœ… Registered schema: deployment.task (v1.0.0)
@agentic-sdlc/integration-agent:test: âœ… Registered schema: deployment.result (v1.0.0)
@agentic-sdlc/integration-agent:test: 
@agentic-sdlc/validation-agent:test:  âœ“ src/__tests__/utils/policy-loader.test.ts  (7 tests) 92ms
@agentic-sdlc/validation-agent:test: stdout | Function.register (/Users/Greg/Projects/apps/zyp/agent-sdlc/packages/shared/types/src/registry/schema-registry.ts:54:13)
@agentic-sdlc/validation-agent:test: âœ… Registered schema: workflow (v1.0.0)
@agentic-sdlc/validation-agent:test: âœ… Registered schema: agent.task (v1.0.0)
@agentic-sdlc/validation-agent:test: âœ… Registered schema: agent.result (v1.0.0)
@agentic-sdlc/validation-agent:test: âœ… Registered schema: pipeline.stage (v1.0.0)
@agentic-sdlc/validation-agent:test: âœ… Registered schema: event (v1.0.0)
@agentic-sdlc/validation-agent:test: âœ… Registered schema: scaffold.task (v1.0.0)
@agentic-sdlc/validation-agent:test: âœ… Registered schema: scaffold.result (v1.0.0)
@agentic-sdlc/validation-agent:test: âœ… Registered schema: scaffold.requirements (v1.0.0)
@agentic-sdlc/validation-agent:test: âœ… Registered schema: validation.task (v1.0.0)
@agentic-sdlc/validation-agent:test: âœ… Registered schema: validation.result (v1.0.0)
@agentic-sdlc/validation-agent:test: âœ… Registered schema: e2e.task (v1.0.0)
@agentic-sdlc/validation-agent:test: âœ… Registered schema: e2e.result (v1.0.0)
@agentic-sdlc/validation-agent:test: âœ… Registered schema: e2e.page_object (v1.0.0)
@agentic-sdlc/validation-agent:test: âœ… Registered schema: integration.task (v1.0.0)
@agentic-sdlc/validation-agent:test: âœ… Registered schema: integration.result (v1.0.0)
@agentic-sdlc/validation-agent:test: âœ… Registered schema: deployment.task (v1.0.0)
@agentic-sdlc/validation-agent:test: âœ… Registered schema: deployment.result (v1.0.0)
@agentic-sdlc/validation-agent:test: 
@agentic-sdlc/e2e-agent:test:  âœ“ src/__tests__/generators/page-object-generator.test.ts  (8 tests) 2ms
@agentic-sdlc/deployment-agent:test: stdout | Function.register (/Users/Greg/Projects/apps/zyp/agent-sdlc/packages/shared/types/src/registry/schema-registry.ts:54:13)
@agentic-sdlc/deployment-agent:test: âœ… Registered schema: workflow (v1.0.0)
@agentic-sdlc/deployment-agent:test: âœ… Registered schema: agent.task (v1.0.0)
@agentic-sdlc/deployment-agent:test: âœ… Registered schema: agent.result (v1.0.0)
@agentic-sdlc/deployment-agent:test: âœ… Registered schema: pipeline.stage (v1.0.0)
@agentic-sdlc/deployment-agent:test: âœ… Registered schema: event (v1.0.0)
@agentic-sdlc/deployment-agent:test: âœ… Registered schema: scaffold.task (v1.0.0)
@agentic-sdlc/deployment-agent:test: âœ… Registered schema: scaffold.result (v1.0.0)
@agentic-sdlc/deployment-agent:test: âœ… Registered schema: scaffold.requirements (v1.0.0)
@agentic-sdlc/deployment-agent:test: âœ… Registered schema: validation.task (v1.0.0)
@agentic-sdlc/deployment-agent:test: âœ… Registered schema: validation.result (v1.0.0)
@agentic-sdlc/deployment-agent:test: âœ… Registered schema: e2e.task (v1.0.0)
@agentic-sdlc/deployment-agent:test: âœ… Registered schema: e2e.result (v1.0.0)
@agentic-sdlc/deployment-agent:test: âœ… Registered schema: e2e.page_object (v1.0.0)
@agentic-sdlc/deployment-agent:test: âœ… Registered schema: integration.task (v1.0.0)
@agentic-sdlc/deployment-agent:test: âœ… Registered schema: integration.result (v1.0.0)
@agentic-sdlc/deployment-agent:test: âœ… Registered schema: deployment.task (v1.0.0)
@agentic-sdlc/deployment-agent:test: âœ… Registered schema: deployment.result (v1.0.0)
@agentic-sdlc/deployment-agent:test: 
@agentic-sdlc/validation-agent:test: stdout | Function.register (/Users/Greg/Projects/apps/zyp/agent-sdlc/packages/shared/types/src/registry/schema-registry.ts:54:13)
@agentic-sdlc/validation-agent:test: âœ… Registered schema: workflow (v1.0.0)
@agentic-sdlc/validation-agent:test: âœ… Registered schema: agent.task (v1.0.0)
@agentic-sdlc/validation-agent:test: âœ… Registered schema: agent.result (v1.0.0)
@agentic-sdlc/validation-agent:test: âœ… Registered schema: pipeline.stage (v1.0.0)
@agentic-sdlc/validation-agent:test: âœ… Registered schema: event (v1.0.0)
@agentic-sdlc/validation-agent:test: âœ… Registered schema: scaffold.task (v1.0.0)
@agentic-sdlc/validation-agent:test: âœ… Registered schema: scaffold.result (v1.0.0)
@agentic-sdlc/validation-agent:test: âœ… Registered schema: scaffold.requirements (v1.0.0)
@agentic-sdlc/validation-agent:test: âœ… Registered schema: validation.task (v1.0.0)
@agentic-sdlc/validation-agent:test: âœ… Registered schema: validation.result (v1.0.0)
@agentic-sdlc/validation-agent:test: âœ… Registered schema: e2e.task (v1.0.0)
@agentic-sdlc/validation-agent:test: âœ… Registered schema: e2e.result (v1.0.0)
@agentic-sdlc/validation-agent:test: âœ… Registered schema: e2e.page_object (v1.0.0)
@agentic-sdlc/validation-agent:test: âœ… Registered schema: integration.task (v1.0.0)
@agentic-sdlc/validation-agent:test: âœ… Registered schema: integration.result (v1.0.0)
@agentic-sdlc/validation-agent:test: âœ… Registered schema: deployment.task (v1.0.0)
@agentic-sdlc/validation-agent:test: âœ… Registered schema: deployment.result (v1.0.0)
@agentic-sdlc/validation-agent:test: 
@agentic-sdlc/deployment-agent:test: stdout | Function.register (/Users/Greg/Projects/apps/zyp/agent-sdlc/packages/shared/types/src/registry/schema-registry.ts:54:13)
@agentic-sdlc/deployment-agent:test: âœ… Registered schema: workflow (v1.0.0)
@agentic-sdlc/deployment-agent:test: âœ… Registered schema: agent.task (v1.0.0)
@agentic-sdlc/deployment-agent:test: âœ… Registered schema: agent.result (v1.0.0)
@agentic-sdlc/deployment-agent:test: âœ… Registered schema: pipeline.stage (v1.0.0)
@agentic-sdlc/deployment-agent:test: âœ… Registered schema: event (v1.0.0)
@agentic-sdlc/deployment-agent:test: âœ… Registered schema: scaffold.task (v1.0.0)
@agentic-sdlc/deployment-agent:test: âœ… Registered schema: scaffold.result (v1.0.0)
@agentic-sdlc/deployment-agent:test: âœ… Registered schema: scaffold.requirements (v1.0.0)
@agentic-sdlc/deployment-agent:test: âœ… Registered schema: validation.task (v1.0.0)
@agentic-sdlc/deployment-agent:test: âœ… Registered schema: validation.result (v1.0.0)
@agentic-sdlc/deployment-agent:test: âœ… Registered schema: e2e.task (v1.0.0)
@agentic-sdlc/deployment-agent:test: âœ… Registered schema: e2e.result (v1.0.0)
@agentic-sdlc/deployment-agent:test: âœ… Registered schema: e2e.page_object (v1.0.0)
@agentic-sdlc/deployment-agent:test: âœ… Registered schema: integration.task (v1.0.0)
@agentic-sdlc/deployment-agent:test: âœ… Registered schema: integration.result (v1.0.0)
@agentic-sdlc/deployment-agent:test: âœ… Registered schema: deployment.task (v1.0.0)
@agentic-sdlc/deployment-agent:test: âœ… Registered schema: deployment.result (v1.0.0)
@agentic-sdlc/deployment-agent:test: 
@agentic-sdlc/scaffold-agent:test: stderr | tests/template-engine.test.ts > TemplateEngine > Error handling > should throw error for missing template
@agentic-sdlc/scaffold-agent:test: Template not found: non-existent-template. Available templates in /Users/Greg/Projects/apps/zyp/agent-sdlc/packages/agents/scaffold-agent/templates
@agentic-sdlc/scaffold-agent:test: 
@agentic-sdlc/scaffold-agent:test: stderr | tests/template-engine.test.ts > TemplateEngine > Cache management > should clear cache
@agentic-sdlc/scaffold-agent:test: Template not found: to-clear. Available templates in /Users/Greg/Projects/apps/zyp/agent-sdlc/packages/agents/scaffold-agent/templates
@agentic-sdlc/scaffold-agent:test: 
@agentic-sdlc/e2e-agent:test: {"level":30,"time":1762896873208,"pid":51124,"hostname":"Mac.lan","name":"test-generator","msg":"Generated test files"}
@agentic-sdlc/scaffold-agent:test: stdout | Function.register (/Users/Greg/Projects/apps/zyp/agent-sdlc/packages/shared/types/src/registry/schema-registry.ts:54:13)
@agentic-sdlc/scaffold-agent:test: âœ… Registered schema: workflow (v1.0.0)
@agentic-sdlc/scaffold-agent:test: âœ… Registered schema: agent.task (v1.0.0)
@agentic-sdlc/scaffold-agent:test: âœ… Registered schema: agent.result (v1.0.0)
@agentic-sdlc/scaffold-agent:test: âœ… Registered schema: pipeline.stage (v1.0.0)
@agentic-sdlc/scaffold-agent:test: âœ… Registered schema: event (v1.0.0)
@agentic-sdlc/scaffold-agent:test: âœ… Registered schema: scaffold.task (v1.0.0)
@agentic-sdlc/scaffold-agent:test: âœ… Registered schema: scaffold.result (v1.0.0)
@agentic-sdlc/scaffold-agent:test: âœ… Registered schema: scaffold.requirements (v1.0.0)
@agentic-sdlc/scaffold-agent:test: âœ… Registered schema: validation.task (v1.0.0)
@agentic-sdlc/scaffold-agent:test: âœ… Registered schema: validation.result (v1.0.0)
@agentic-sdlc/scaffold-agent:test: âœ… Registered schema: e2e.task (v1.0.0)
@agentic-sdlc/scaffold-agent:test: âœ… Registered schema: e2e.result (v1.0.0)
@agentic-sdlc/scaffold-agent:test: âœ… Registered schema: e2e.page_object (v1.0.0)
@agentic-sdlc/scaffold-agent:test: âœ… Registered schema: integration.task (v1.0.0)
@agentic-sdlc/scaffold-agent:test: âœ… Registered schema: integration.result (v1.0.0)
@agentic-sdlc/scaffold-agent:test: âœ… Registered schema: deployment.task (v1.0.0)
@agentic-sdlc/scaffold-agent:test: âœ… Registered schema: deployment.result (v1.0.0)
@agentic-sdlc/scaffold-agent:test: 
@agentic-sdlc/scaffold-agent:test:  âœ“ tests/template-engine.test.ts  (18 tests) 17ms
@agentic-sdlc/e2e-agent:test: {"level":30,"time":1762896873208,"pid":51124,"hostname":"Mac.lan","name":"test-generator","msg":"Generated test files"}
@agentic-sdlc/e2e-agent:test: {"level":30,"time":1762896873208,"pid":51124,"hostname":"Mac.lan","name":"test-generator","msg":"Generated test files"}
@agentic-sdlc/e2e-agent:test:  âœ“ src/__tests__/generators/test-generator.test.ts  (8 tests) 2ms
@agentic-sdlc/e2e-agent:test: stdout | Function.register (/Users/Greg/Projects/apps/zyp/agent-sdlc/packages/shared/types/src/registry/schema-registry.ts:54:13)
@agentic-sdlc/e2e-agent:test: âœ… Registered schema: workflow (v1.0.0)
@agentic-sdlc/e2e-agent:test: âœ… Registered schema: agent.task (v1.0.0)
@agentic-sdlc/e2e-agent:test: âœ… Registered schema: agent.result (v1.0.0)
@agentic-sdlc/e2e-agent:test: âœ… Registered schema: pipeline.stage (v1.0.0)
@agentic-sdlc/e2e-agent:test: âœ… Registered schema: event (v1.0.0)
@agentic-sdlc/e2e-agent:test: âœ… Registered schema: scaffold.task (v1.0.0)
@agentic-sdlc/e2e-agent:test: âœ… Registered schema: scaffold.result (v1.0.0)
@agentic-sdlc/e2e-agent:test: âœ… Registered schema: scaffold.requirements (v1.0.0)
@agentic-sdlc/e2e-agent:test: âœ… Registered schema: validation.task (v1.0.0)
@agentic-sdlc/e2e-agent:test: âœ… Registered schema: validation.result (v1.0.0)
@agentic-sdlc/e2e-agent:test: âœ… Registered schema: e2e.task (v1.0.0)
@agentic-sdlc/e2e-agent:test: âœ… Registered schema: e2e.result (v1.0.0)
@agentic-sdlc/e2e-agent:test: âœ… Registered schema: e2e.page_object (v1.0.0)
@agentic-sdlc/e2e-agent:test: âœ… Registered schema: integration.task (v1.0.0)
@agentic-sdlc/e2e-agent:test: âœ… Registered schema: integration.result (v1.0.0)
@agentic-sdlc/e2e-agent:test: âœ… Registered schema: deployment.task (v1.0.0)
@agentic-sdlc/e2e-agent:test: âœ… Registered schema: deployment.result (v1.0.0)
@agentic-sdlc/e2e-agent:test: 
@agentic-sdlc/scaffold-agent:test:  âœ“ tests/file-generator.test.ts  (19 tests | 5 skipped) 83ms
@agentic-sdlc/scaffold-agent:test: stdout | Function.register (/Users/Greg/Projects/apps/zyp/agent-sdlc/packages/shared/types/src/registry/schema-registry.ts:54:13)
@agentic-sdlc/scaffold-agent:test: âœ… Registered schema: workflow (v1.0.0)
@agentic-sdlc/scaffold-agent:test: âœ… Registered schema: agent.task (v1.0.0)
@agentic-sdlc/scaffold-agent:test: âœ… Registered schema: agent.result (v1.0.0)
@agentic-sdlc/scaffold-agent:test: âœ… Registered schema: pipeline.stage (v1.0.0)
@agentic-sdlc/scaffold-agent:test: âœ… Registered schema: event (v1.0.0)
@agentic-sdlc/scaffold-agent:test: âœ… Registered schema: scaffold.task (v1.0.0)
@agentic-sdlc/scaffold-agent:test: âœ… Registered schema: scaffold.result (v1.0.0)
@agentic-sdlc/scaffold-agent:test: âœ… Registered schema: scaffold.requirements (v1.0.0)
@agentic-sdlc/scaffold-agent:test: âœ… Registered schema: validation.task (v1.0.0)
@agentic-sdlc/scaffold-agent:test: âœ… Registered schema: validation.result (v1.0.0)
@agentic-sdlc/scaffold-agent:test: âœ… Registered schema: e2e.task (v1.0.0)
@agentic-sdlc/scaffold-agent:test: âœ… Registered schema: e2e.result (v1.0.0)
@agentic-sdlc/scaffold-agent:test: âœ… Registered schema: e2e.page_object (v1.0.0)
@agentic-sdlc/scaffold-agent:test: âœ… Registered schema: integration.task (v1.0.0)
@agentic-sdlc/scaffold-agent:test: âœ… Registered schema: integration.result (v1.0.0)
@agentic-sdlc/scaffold-agent:test: âœ… Registered schema: deployment.task (v1.0.0)
@agentic-sdlc/scaffold-agent:test: âœ… Registered schema: deployment.result (v1.0.0)
@agentic-sdlc/scaffold-agent:test: 
@agentic-sdlc/integration-agent:test:  â¯ src/__tests__/integration-agent.test.ts  (6 tests | 6 failed) 9ms
@agentic-sdlc/integration-agent:test:    â¯ src/__tests__/integration-agent.test.ts > IntegrationAgent > executeTask > should handle merge_branch task successfully
@agentic-sdlc/integration-agent:test:      â†’ ANTHROPIC_API_KEY not configured
@agentic-sdlc/integration-agent:test:    â¯ src/__tests__/integration-agent.test.ts > IntegrationAgent > executeTask > should handle resolve_conflict task successfully
@agentic-sdlc/integration-agent:test:      â†’ ANTHROPIC_API_KEY not configured
@agentic-sdlc/integration-agent:test:    â¯ src/__tests__/integration-agent.test.ts > IntegrationAgent > executeTask > should handle update_dependencies task successfully
@agentic-sdlc/integration-agent:test:      â†’ ANTHROPIC_API_KEY not configured
@agentic-sdlc/integration-agent:test:    â¯ src/__tests__/integration-agent.test.ts > IntegrationAgent > executeTask > should handle run_integration_tests task successfully
@agentic-sdlc/integration-agent:test:      â†’ ANTHROPIC_API_KEY not configured
@agentic-sdlc/integration-agent:test:    â¯ src/__tests__/integration-agent.test.ts > IntegrationAgent > executeTask > should throw error for unknown action
@agentic-sdlc/integration-agent:test:      â†’ ANTHROPIC_API_KEY not configured
@agentic-sdlc/integration-agent:test:    â¯ src/__tests__/integration-agent.test.ts > IntegrationAgent > cleanup > should cleanup resources
@agentic-sdlc/integration-agent:test:      â†’ ANTHROPIC_API_KEY not configured
@agentic-sdlc/orchestrator:test:  âœ“ tests/services/pipeline-executor.service.test.ts  (30 tests) 1281ms
@agentic-sdlc/integration-agent:test: 
@agentic-sdlc/integration-agent:test: âŽ¯âŽ¯âŽ¯âŽ¯âŽ¯âŽ¯âŽ¯ Failed Tests 7 âŽ¯âŽ¯âŽ¯âŽ¯âŽ¯âŽ¯âŽ¯
@agentic-sdlc/integration-agent:test: 
@agentic-sdlc/integration-agent:test:  FAIL  src/__tests__/integration-agent.test.ts > IntegrationAgent > executeTask > should handle merge_branch task successfully
@agentic-sdlc/integration-agent:test:  FAIL  src/__tests__/integration-agent.test.ts > IntegrationAgent > executeTask > should handle resolve_conflict task successfully
@agentic-sdlc/integration-agent:test:  FAIL  src/__tests__/integration-agent.test.ts > IntegrationAgent > executeTask > should handle update_dependencies task successfully
@agentic-sdlc/integration-agent:test:  FAIL  src/__tests__/integration-agent.test.ts > IntegrationAgent > executeTask > should handle run_integration_tests task successfully
@agentic-sdlc/integration-agent:test:  FAIL  src/__tests__/integration-agent.test.ts > IntegrationAgent > executeTask > should throw error for unknown action
@agentic-sdlc/integration-agent:test:  FAIL  src/__tests__/integration-agent.test.ts > IntegrationAgent > cleanup > should cleanup resources
@agentic-sdlc/integration-agent:test: AgentError: ANTHROPIC_API_KEY not configured
@agentic-sdlc/integration-agent:test:  â¯ new BaseAgent ../base-agent/src/base-agent.ts:53:13
@agentic-sdlc/integration-agent:test:  â¯ new IntegrationAgent src/integration-agent.ts:28:5
@agentic-sdlc/orchestrator:test:  âœ“ tests/api/routes/health.routes.test.ts  (7 tests) 82ms
@agentic-sdlc/orchestrator:test:  âœ“ src/utils/stages.test.ts  (30 tests) 5ms
@agentic-sdlc/orchestrator:test: {"level":"error","timestamp":"2025-11-11T21:34:33.297Z","pid":51008,"hostname":"Mac.lan","name":"orchestrator","msg":"Workflow not found for task creation"}
@agentic-sdlc/integration-agent:test:      26| 
@agentic-sdlc/integration-agent:test:      27|   constructor(repoPath: string = process.cwd()) {
@agentic-sdlc/integration-agent:test:      28|     super({
@agentic-sdlc/integration-agent:test:        |     ^
@agentic-sdlc/integration-agent:test:      29|       type: 'integration',
@agentic-sdlc/integration-agent:test:      30|       version: '1.0.0',
@agentic-sdlc/integration-agent:test:  â¯ src/__tests__/integration-agent.test.ts:26:13
@agentic-sdlc/integration-agent:test: 
@agentic-sdlc/integration-agent:test: âŽ¯âŽ¯âŽ¯âŽ¯âŽ¯âŽ¯âŽ¯âŽ¯âŽ¯âŽ¯âŽ¯âŽ¯âŽ¯âŽ¯âŽ¯âŽ¯âŽ¯âŽ¯âŽ¯âŽ¯âŽ¯âŽ¯âŽ¯âŽ¯âŽ¯âŽ¯âŽ¯âŽ¯âŽ¯âŽ¯
@agentic-sdlc/integration-agent:test: Serialized Error: { code: 'CONFIG_ERROR' }
@agentic-sdlc/integration-agent:test: âŽ¯âŽ¯âŽ¯âŽ¯âŽ¯âŽ¯âŽ¯âŽ¯âŽ¯âŽ¯âŽ¯âŽ¯âŽ¯âŽ¯âŽ¯âŽ¯âŽ¯âŽ¯âŽ¯âŽ¯âŽ¯âŽ¯âŽ¯âŽ¯[1/7]âŽ¯
@agentic-sdlc/integration-agent:test: 
@agentic-sdlc/integration-agent:test:  FAIL  src/__tests__/services/git.service.test.ts > GitService > applyResolution > should write resolved content and stage file
@agentic-sdlc/integration-agent:test: Error: Failed to apply resolution to src/index.ts: ENOENT: no such file or directory, open '/tmp/test-repo/src/index.ts'
@agentic-sdlc/integration-agent:test:  â¯ GitService.applyResolution src/services/git.service.ts:271:13
@agentic-sdlc/integration-agent:test:     269|       await this.git.add(filePath);
@agentic-sdlc/integration-agent:test:  Test Files  2 failed | 1 passed (3)
@agentic-sdlc/integration-agent:test:     270|     } catch (error) {
@agentic-sdlc/integration-agent:test:       Tests  7 failed | 28 passed (35)
@agentic-sdlc/integration-agent:test:    Start at  16:34:32
@agentic-sdlc/integration-agent:test:    Duration  698ms (transform 118ms, setup 0ms, collect 331ms, tests 23ms, environment 0ms, prepare 588ms)
@agentic-sdlc/integration-agent:test: 
@agentic-sdlc/integration-agent:test:     271|       throw new Error(`Failed to apply resolution to ${filePath}: ${erâ€¦
@agentic-sdlc/integration-agent:test:        |             ^
@agentic-sdlc/integration-agent:test:     272|     }
@agentic-sdlc/integration-agent:test:     273|   }
@agentic-sdlc/integration-agent:test:  â¯ src/__tests__/services/git.service.test.ts:168:7
@agentic-sdlc/integration-agent:test: 
@agentic-sdlc/integration-agent:test: âŽ¯âŽ¯âŽ¯âŽ¯âŽ¯âŽ¯âŽ¯âŽ¯âŽ¯âŽ¯âŽ¯âŽ¯âŽ¯âŽ¯âŽ¯âŽ¯âŽ¯âŽ¯âŽ¯âŽ¯âŽ¯âŽ¯âŽ¯âŽ¯[2/7]âŽ¯
@agentic-sdlc/integration-agent:test: 
@agentic-sdlc/integration-agent:test: 
@agentic-sdlc/integration-agent:test:  FAIL  Tests failed. Watching for file changes...
@agentic-sdlc/integration-agent:test:        press h to show help, press q to quit
@agentic-sdlc/orchestrator:test: {"level":"error","timestamp":"2025-11-11T21:34:33.297Z","pid":51008,"hostname":"Mac.lan","name":"orchestrator","msg":"Failed to create workflow"}
@agentic-sdlc/orchestrator:test: {"level":"error","timestamp":"2025-11-11T21:34:33.306Z","pid":51008,"hostname":"Mac.lan","name":"orchestrator","msg":"Failed to create workflow"}
@agentic-sdlc/orchestrator:test:  â¯ tests/services/workflow.service.test.ts  (10 tests | 1 failed) 21ms
@agentic-sdlc/orchestrator:test:    â¯ tests/services/workflow.service.test.ts > WorkflowService > createWorkflow > should successfully create a workflow
@agentic-sdlc/orchestrator:test:      â†’ Workflow test-workflow-id not found
@agentic-sdlc/scaffold-agent:test: stderr | tests/scaffold-agent.test.ts > ScaffoldAgent > Task execution > should execute scaffold task successfully
@agentic-sdlc/scaffold-agent:test: Template not found: app-template. Available templates in /Users/Greg/Projects/apps/zyp/agent-sdlc/packages/agents/scaffold-agent/templates
@agentic-sdlc/scaffold-agent:test: 
@agentic-sdlc/scaffold-agent:test: stderr | tests/scaffold-agent.test.ts > ScaffoldAgent > Task execution > should execute scaffold task successfully
@agentic-sdlc/scaffold-agent:test: Template not found: package-template. Available templates in /Users/Greg/Projects/apps/zyp/agent-sdlc/packages/agents/scaffold-agent/templates
@agentic-sdlc/scaffold-agent:test: 
@agentic-sdlc/scaffold-agent:test: stderr | tests/scaffold-agent.test.ts > ScaffoldAgent > Task execution > should execute scaffold task successfully
@agentic-sdlc/scaffold-agent:test: Template not found: tsconfig-template. Available templates in /Users/Greg/Projects/apps/zyp/agent-sdlc/packages/agents/scaffold-agent/templates
@agentic-sdlc/scaffold-agent:test: 
@agentic-sdlc/scaffold-agent:test: [2025-11-11 21:34:33] [32mINFO[39m (scaffold-3dbc7e11/51161): [36mScaffold agent schemas registered[39m
@agentic-sdlc/scaffold-agent:test: [2025-11-11 21:34:33] [32mINFO[39m (scaffold-3dbc7e11/51161): [36mCleaning up agent[39m
@agentic-sdlc/scaffold-agent:test: [2025-11-11 21:34:33] [32mINFO[39m (scaffold-3dbc7e11/51161): [36mDeregistered from orchestrator[39m
@agentic-sdlc/scaffold-agent:test: [2025-11-11 21:34:33] [32mINFO[39m (scaffold-3dbc7e11/51161): [36mAgent cleanup completed[39m
@agentic-sdlc/e2e-agent:test:  âœ“ src/__tests__/e2e-agent.test.ts  (8 tests) 19ms
@agentic-sdlc/scaffold-agent:test: [2025-11-11 21:34:33] [32mINFO[39m (scaffold-44e3f3c5/51161): [36mScaffold agent schemas registered[39m
@agentic-sdlc/scaffold-agent:test: [2025-11-11 21:34:33] [32mINFO[39m (scaffold-44e3f3c5/51161): [36mCleaning up agent[39m
@agentic-sdlc/scaffold-agent:test: [2025-11-11 21:34:33] [32mINFO[39m (scaffold-44e3f3c5/51161): [36mDeregistered from orchestrator[39m
@agentic-sdlc/scaffold-agent:test: [2025-11-11 21:34:33] [32mINFO[39m (scaffold-44e3f3c5/51161): [36mAgent cleanup completed[39m
@agentic-sdlc/scaffold-agent:test: [2025-11-11 21:34:33] [32mINFO[39m (scaffold-41c5c1b0/51161): [36mScaffold agent schemas registered[39m
@agentic-sdlc/e2e-agent:test: [2025-11-11 21:34:33] [31mERROR[39m (e2e-c0764e23/51124): [36mInvalid task context[39m
@agentic-sdlc/scaffold-agent:test: [2025-11-11 21:34:33] [32mINFO[39m (scaffold-41c5c1b0/51161): [36mExecuting scaffold task[39m
@agentic-sdlc/scaffold-agent:test: [2025-11-11 21:34:33] [32mINFO[39m (scaffold-41c5c1b0/51161): [36mAnalyzing requirements[39m
@agentic-sdlc/scaffold-agent:test: [2025-11-11 21:34:33] [32mINFO[39m (scaffold-41c5c1b0/51161): [36mCalling Claude API to analyze requirements[39m
@agentic-sdlc/scaffold-agent:test: [2025-11-11 21:34:33] [32mINFO[39m (scaffold-41c5c1b0/51161): [36mClaude API response received[39m
@agentic-sdlc/scaffold-agent:test: [2025-11-11 21:34:33] [32mINFO[39m (scaffold-41c5c1b0/51161): [36mRequirements analysis completed successfully[39m
@agentic-sdlc/scaffold-agent:test: [2025-11-11 21:34:33] [32mINFO[39m (scaffold-41c5c1b0/51161): [36mGenerating project structure[39m
@agentic-sdlc/scaffold-agent:test: [2025-11-11 21:34:33] [32mINFO[39m (scaffold-41c5c1b0/51161): [36mCreating files[39m
@agentic-sdlc/scaffold-agent:test: [2025-11-11 21:34:33] [32mINFO[39m (scaffold-41c5c1b0/51161): [36m[SESSION #36] Creating project files[39m
@agentic-sdlc/scaffold-agent:test: [2025-11-11 21:34:33] [32mINFO[39m (scaffold-41c5c1b0/51161): [36m[SESSION #36] Creating base project directory[39m
@agentic-sdlc/scaffold-agent:test: [2025-11-11 21:34:33] [33mWARN[39m (scaffold-41c5c1b0/51161): [36mUsing absolute path[39m
@agentic-sdlc/scaffold-agent:test: [2025-11-11 21:34:33] [32mINFO[39m (scaffold-41c5c1b0/51161): [36m[SESSION #36] Base project directory created[39m
@agentic-sdlc/scaffold-agent:test: [2025-11-11 21:34:33] [32mINFO[39m (scaffold-41c5c1b0/51161): [36m[SESSION #36] Creating subdirectories[39m
@agentic-sdlc/scaffold-agent:test: [2025-11-11 21:34:33] [33mWARN[39m (scaffold-41c5c1b0/51161): [36mUsing absolute path[39m
@agentic-sdlc/scaffold-agent:test: [2025-11-11 21:34:33] [32mINFO[39m (scaffold-41c5c1b0/51161): [36m[SESSION #36] Subdirectories created[39m
@agentic-sdlc/scaffold-agent:test: [2025-11-11 21:34:33] [32mINFO[39m (scaffold-41c5c1b0/51161): [36m[SESSION #36] Processing file[39m
@agentic-sdlc/scaffold-agent:test: [2025-11-11 21:34:33] [33mWARN[39m (scaffold-41c5c1b0/51161): [36m[SESSION #36] Template rendering failed, using fallback[39m
@agentic-sdlc/scaffold-agent:test: [2025-11-11 21:34:33] [32mINFO[39m (scaffold-41c5c1b0/51161): [36m[SESSION #36] Writing file to disk[39m
@agentic-sdlc/scaffold-agent:test: [2025-11-11 21:34:33] [33mWARN[39m (scaffold-41c5c1b0/51161): [36mUsing absolute path[39m
@agentic-sdlc/scaffold-agent:test: [2025-11-11 21:34:33] [32mINFO[39m (scaffold-41c5c1b0/51161): [36m[SESSION #36] File written successfully[39m
@agentic-sdlc/scaffold-agent:test: [2025-11-11 21:34:33] [32mINFO[39m (scaffold-41c5c1b0/51161): [36m[SESSION #36] Processing file[39m
@agentic-sdlc/scaffold-agent:test: [2025-11-11 21:34:33] [33mWARN[39m (scaffold-41c5c1b0/51161): [36m[SESSION #36] Template rendering failed, using fallback[39m
@agentic-sdlc/scaffold-agent:test: [2025-11-11 21:34:33] [32mINFO[39m (scaffold-41c5c1b0/51161): [36m[SESSION #36] Writing file to disk[39m
@agentic-sdlc/scaffold-agent:test: [2025-11-11 21:34:33] [33mWARN[39m (scaffold-41c5c1b0/51161): [36mUsing absolute path[39m
@agentic-sdlc/scaffold-agent:test: [2025-11-11 21:34:33] [32mINFO[39m (scaffold-41c5c1b0/51161): [36m[SESSION #36] File written successfully[39m
@agentic-sdlc/scaffold-agent:test: [2025-11-11 21:34:33] [32mINFO[39m (scaffold-41c5c1b0/51161): [36m[SESSION #36] Processing file[39m
@agentic-sdlc/scaffold-agent:test: [2025-11-11 21:34:33] [33mWARN[39m (scaffold-41c5c1b0/51161): [36m[SESSION #36] Template rendering failed, using fallback[39m
@agentic-sdlc/scaffold-agent:test: [2025-11-11 21:34:33] [32mINFO[39m (scaffold-41c5c1b0/51161): [36m[SESSION #36] Writing file to disk[39m
@agentic-sdlc/scaffold-agent:test: [2025-11-11 21:34:33] [33mWARN[39m (scaffold-41c5c1b0/51161): [36mUsing absolute path[39m
@agentic-sdlc/scaffold-agent:test: [2025-11-11 21:34:33] [32mINFO[39m (scaffold-41c5c1b0/51161): [36m[SESSION #36] File written successfully[39m
@agentic-sdlc/scaffold-agent:test: [2025-11-11 21:34:33] [32mINFO[39m (scaffold-41c5c1b0/51161): [36m[SESSION #36] Files created successfully[39m
@agentic-sdlc/scaffold-agent:test: [2025-11-11 21:34:33] [32mINFO[39m (scaffold-41c5c1b0/51161): [36m[SESSION #36] Verifying files on disk[39m
@agentic-sdlc/scaffold-agent:test: [2025-11-11 21:34:33] [32mINFO[39m (scaffold-41c5c1b0/51161): [36m[SESSION #36] Directory exists check[39m
@agentic-sdlc/scaffold-agent:test: [2025-11-11 21:34:33] [32mINFO[39m (scaffold-41c5c1b0/51161): [36m[SESSION #36] Files found on disk[39m
@agentic-sdlc/scaffold-agent:test: [2025-11-11 21:34:33] [32mINFO[39m (scaffold-41c5c1b0/51161): [36mScaffold task completed successfully[39m
@agentic-sdlc/scaffold-agent:test: [2025-11-11 21:34:33] [32mINFO[39m (scaffold-41c5c1b0/51161): [36mCleaning up agent[39m
@agentic-sdlc/scaffold-agent:test: [2025-11-11 21:34:33] [32mINFO[39m (scaffold-41c5c1b0/51161): [36mDeregistered from orchestrator[39m
@agentic-sdlc/scaffold-agent:test: [2025-11-11 21:34:33] [32mINFO[39m (scaffold-41c5c1b0/51161): [36mAgent cleanup completed[39m
@agentic-sdlc/e2e-agent:test: 
@agentic-sdlc/e2e-agent:test:  Test Files  4 passed (4)
@agentic-sdlc/e2e-agent:test:       Tests  31 passed (31)
@agentic-sdlc/e2e-agent:test:    Start at  16:34:32
@agentic-sdlc/e2e-agent:test:    Duration  795ms (transform 165ms, setup 0ms, collect 649ms, tests 27ms, environment 0ms, prepare 495ms)
@agentic-sdlc/e2e-agent:test: 
@agentic-sdlc/e2e-agent:test: 
@agentic-sdlc/e2e-agent:test:  PASS  Waiting for file changes...
@agentic-sdlc/e2e-agent:test:        press h to show help, press q to quit
@agentic-sdlc/validation-agent:test:  â¯ src/__tests__/validation-agent.test.ts  (9 tests | 9 failed) 20ms
@agentic-sdlc/validation-agent:test:    â¯ src/__tests__/validation-agent.test.ts > ValidationAgent > constructor > should initialize with correct capabilities
@agentic-sdlc/validation-agent:test:      â†’ ANTHROPIC_API_KEY not configured
@agentic-sdlc/validation-agent:test:    â¯ src/__tests__/validation-agent.test.ts > ValidationAgent > execute > should execute validation task successfully
@agentic-sdlc/validation-agent:test:      â†’ ANTHROPIC_API_KEY not configured
@agentic-sdlc/validation-agent:test:    â¯ src/__tests__/validation-agent.test.ts > ValidationAgent > execute > should run only specified validation types
@agentic-sdlc/validation-agent:test:      â†’ ANTHROPIC_API_KEY not configured
@agentic-sdlc/validation-agent:test:    â¯ src/__tests__/validation-agent.test.ts > ValidationAgent > execute > should return failure status when validation fails
@agentic-sdlc/validation-agent:test:      â†’ ANTHROPIC_API_KEY not configured
@agentic-sdlc/validation-agent:test:    â¯ src/__tests__/validation-agent.test.ts > ValidationAgent > execute > should return partial status when warnings present
@agentic-sdlc/validation-agent:test:      â†’ ANTHROPIC_API_KEY not configured
@agentic-sdlc/validation-agent:test:    â¯ src/__tests__/validation-agent.test.ts > ValidationAgent > execute > should throw error for invalid context
@agentic-sdlc/validation-agent:test:      â†’ ANTHROPIC_API_KEY not configured
@agentic-sdlc/validation-agent:test:    â¯ src/__tests__/validation-agent.test.ts > ValidationAgent > execute > should use custom coverage threshold from context
@agentic-sdlc/validation-agent:test:      â†’ ANTHROPIC_API_KEY not configured
@agentic-sdlc/validation-agent:test:    â¯ src/__tests__/validation-agent.test.ts > ValidationAgent > execute > should include next_stage in successful results
@agentic-sdlc/validation-agent:test:      â†’ ANTHROPIC_API_KEY not configured
@agentic-sdlc/validation-agent:test:    â¯ src/__tests__/validation-agent.test.ts > ValidationAgent > execute > should not include next_stage in failed results
@agentic-sdlc/validation-agent:test:      â†’ ANTHROPIC_API_KEY not configured
@agentic-sdlc/scaffold-agent:test: [2025-11-11 21:34:33] [32mINFO[39m (scaffold-a037054e/51161): [36mScaffold agent schemas registered[39m
@agentic-sdlc/scaffold-agent:test: [2025-11-11 21:34:33] [32mINFO[39m (scaffold-a037054e/51161): [36mExecuting scaffold task[39m
@agentic-sdlc/scaffold-agent:test: [2025-11-11 21:34:33] [32mINFO[39m (scaffold-a037054e/51161): [36mAnalyzing requirements[39m
@agentic-sdlc/scaffold-agent:test: [2025-11-11 21:34:33] [32mINFO[39m (scaffold-a037054e/51161): [36mCalling Claude API to analyze requirements[39m
@agentic-sdlc/orchestrator:test:  â¯ tests/simple-happy-path.test.ts  (4 tests | 2 failed) 24ms
@agentic-sdlc/orchestrator:test:    â¯ tests/simple-happy-path.test.ts > Milestone 1: Simple Happy Path Validation > should support type branding for IDs
@agentic-sdlc/orchestrator:test:      â†’ expected false to be true // Object.is equality
@agentic-sdlc/orchestrator:test:    â¯ tests/simple-happy-path.test.ts > Milestone 1: Simple Happy Path Validation > should handle workflow state transitions
@agentic-sdlc/orchestrator:test:      â†’ expected [Function] to throw an error
@agentic-sdlc/validation-agent:test: 
@agentic-sdlc/validation-agent:test: âŽ¯âŽ¯âŽ¯âŽ¯âŽ¯âŽ¯âŽ¯ Failed Tests 9 âŽ¯âŽ¯âŽ¯âŽ¯âŽ¯âŽ¯âŽ¯
@agentic-sdlc/validation-agent:test: 
@agentic-sdlc/validation-agent:test:  FAIL  src/__tests__/validation-agent.test.ts > ValidationAgent > constructor > should initialize with correct capabilities
@agentic-sdlc/validation-agent:test:  FAIL  src/__tests__/validation-agent.test.ts > ValidationAgent > execute > should execute validation task successfully
@agentic-sdlc/validation-agent:test:  FAIL  src/__tests__/validation-agent.test.ts > ValidationAgent > execute > should run only specified validation types
@agentic-sdlc/validation-agent:test:  FAIL  src/__tests__/validation-agent.test.ts > ValidationAgent > execute > should return failure status when validation fails
@agentic-sdlc/validation-agent:test:  FAIL  src/__tests__/validation-agent.test.ts > ValidationAgent > execute > should return partial status when warnings present
@agentic-sdlc/validation-agent:test:  FAIL  src/__tests__/validation-agent.test.ts > ValidationAgent > execute > should throw error for invalid context
@agentic-sdlc/validation-agent:test:  FAIL  src/__tests__/validation-agent.test.ts > ValidationAgent > execute > should use custom coverage threshold from context
@agentic-sdlc/validation-agent:test:  FAIL  src/__tests__/validation-agent.test.ts > ValidationAgent > execute > should include next_stage in successful results
@agentic-sdlc/validation-agent:test:  FAIL  src/__tests__/validation-agent.test.ts > ValidationAgent > execute > should not include next_stage in failed results
@agentic-sdlc/validation-agent:test: AgentError: ANTHROPIC_API_KEY not configured
@agentic-sdlc/validation-agent:test:  â¯ new BaseAgent ../base-agent/src/base-agent.ts:53:13
@agentic-sdlc/validation-agent:test:  â¯ new ValidationAgent src/validation-agent.ts:27:5
@agentic-sdlc/orchestrator:test:  âœ“ tests/services/graceful-shutdown.service.test.ts  (5 tests) 3ms
@agentic-sdlc/deployment-agent:test:  â¯ src/__tests__/deployment-agent.test.ts  (6 tests | 6 failed) 8ms
@agentic-sdlc/deployment-agent:test:    â¯ src/__tests__/deployment-agent.test.ts > DeploymentAgent > executeTask > should handle build_docker_image task successfully
@agentic-sdlc/deployment-agent:test:      â†’ ANTHROPIC_API_KEY not configured
@agentic-sdlc/deployment-agent:test:    â¯ src/__tests__/deployment-agent.test.ts > DeploymentAgent > executeTask > should handle push_to_ecr task successfully
@agentic-sdlc/deployment-agent:test:      â†’ ANTHROPIC_API_KEY not configured
@agentic-sdlc/deployment-agent:test:    â¯ src/__tests__/deployment-agent.test.ts > DeploymentAgent > executeTask > should handle health_check task successfully
@agentic-sdlc/deployment-agent:test:      â†’ ANTHROPIC_API_KEY not configured
@agentic-sdlc/deployment-agent:test:    â¯ src/__tests__/deployment-agent.test.ts > DeploymentAgent > executeTask > should handle rollback_deployment task successfully
@agentic-sdlc/deployment-agent:test:      â†’ ANTHROPIC_API_KEY not configured
@agentic-sdlc/deployment-agent:test:    â¯ src/__tests__/deployment-agent.test.ts > DeploymentAgent > executeTask > should throw error for unknown action
@agentic-sdlc/deployment-agent:test:      â†’ ANTHROPIC_API_KEY not configured
@agentic-sdlc/deployment-agent:test:    â¯ src/__tests__/deployment-agent.test.ts > DeploymentAgent > cleanup > should cleanup resources
@agentic-sdlc/deployment-agent:test:      â†’ ANTHROPIC_API_KEY not configured
@agentic-sdlc/validation-agent:test:      25| 
@agentic-sdlc/validation-agent:test:      26|   constructor() {
@agentic-sdlc/validation-agent:test:      27|     super({
@agentic-sdlc/validation-agent:test:        |     ^
@agentic-sdlc/validation-agent:test:      28|       type: 'validation',
@agentic-sdlc/validation-agent:test:      29|       version: '1.0.0',
@agentic-sdlc/validation-agent:test:  â¯ src/__tests__/validation-agent.test.ts:64:13
@agentic-sdlc/validation-agent:test: 
@agentic-sdlc/validation-agent:test: âŽ¯âŽ¯âŽ¯âŽ¯âŽ¯âŽ¯âŽ¯âŽ¯âŽ¯âŽ¯âŽ¯âŽ¯âŽ¯âŽ¯âŽ¯âŽ¯âŽ¯âŽ¯âŽ¯âŽ¯âŽ¯âŽ¯âŽ¯âŽ¯âŽ¯âŽ¯âŽ¯âŽ¯âŽ¯âŽ¯
@agentic-sdlc/validation-agent:test: Serialized Error: { code: 'CONFIG_ERROR' }
@agentic-sdlc/validation-agent:test: âŽ¯âŽ¯âŽ¯âŽ¯âŽ¯âŽ¯âŽ¯âŽ¯âŽ¯âŽ¯âŽ¯âŽ¯âŽ¯âŽ¯âŽ¯âŽ¯âŽ¯âŽ¯âŽ¯âŽ¯âŽ¯âŽ¯âŽ¯âŽ¯[1/9]âŽ¯
@agentic-sdlc/validation-agent:test: 
@agentic-sdlc/validation-agent:test:  Test Files  1 failed | 3 passed (4)
@agentic-sdlc/validation-agent:test:       Tests  9 failed | 19 passed (28)
@agentic-sdlc/validation-agent:test:    Start at  16:34:32
@agentic-sdlc/validation-agent:test:    Duration  875ms (transform 350ms, setup 0ms, collect 1.32s, tests 139ms, environment 0ms, prepare 342ms)
@agentic-sdlc/validation-agent:test: 
@agentic-sdlc/validation-agent:test: 
@agentic-sdlc/validation-agent:test:  FAIL  Tests failed. Watching for file changes...
@agentic-sdlc/validation-agent:test:        press h to show help, press q to quit
@agentic-sdlc/scaffold-agent:test: stderr | tests/scaffold-agent.test.ts > ScaffoldAgent > Task execution > should handle invalid task gracefully
@agentic-sdlc/scaffold-agent:test: âŒ CLAUDE API ERROR: Claude API error: 401 {"type":"error","error":{"type":"authentication_error","message":"invalid x-api-key"},"request_id":"req_011CV2pX6abQb6YPtRpEVMAz"}
@agentic-sdlc/scaffold-agent:test: Template not found: app-template. Available templates in /Users/Greg/Projects/apps/zyp/agent-sdlc/packages/agents/scaffold-agent/templates
@agentic-sdlc/scaffold-agent:test: Template not found: package-template. Available templates in /Users/Greg/Projects/apps/zyp/agent-sdlc/packages/agents/scaffold-agent/templates
@agentic-sdlc/scaffold-agent:test: Template not found: tsconfig-template. Available templates in /Users/Greg/Projects/apps/zyp/agent-sdlc/packages/agents/scaffold-agent/templates
@agentic-sdlc/scaffold-agent:test: 
@agentic-sdlc/scaffold-agent:test: stderr | tests/scaffold-agent.test.ts > ScaffoldAgent > Task execution > should handle Claude API errors
@agentic-sdlc/scaffold-agent:test: âŒ CLAUDE API ERROR: API Error
@agentic-sdlc/scaffold-agent:test: Template not found: app-template. Available templates in /Users/Greg/Projects/apps/zyp/agent-sdlc/packages/agents/scaffold-agent/templates
@agentic-sdlc/scaffold-agent:test: Template not found: package-template. Available templates in /Users/Greg/Projects/apps/zyp/agent-sdlc/packages/agents/scaffold-agent/templates
@agentic-sdlc/scaffold-agent:test: Template not found: tsconfig-template. Available templates in /Users/Greg/Projects/apps/zyp/agent-sdlc/packages/agents/scaffold-agent/templates
@agentic-sdlc/scaffold-agent:test: 
@agentic-sdlc/orchestrator:test: {"level":"error","timestamp":"2025-11-11T21:34:33.531Z","pid":51008,"hostname":"Mac.lan","name":"orchestrator","msg":"Failed to get registered agents"}
@agentic-sdlc/scaffold-agent:test: stderr | tests/scaffold-agent.test.ts > ScaffoldAgent > Task execution > should handle malformed Claude response
@agentic-sdlc/scaffold-agent:test: âŒ JSON PARSING ERROR: Failed to extract valid JSON from Claude response after trying all strategies. Response preview: Invalid JSON{
@agentic-sdlc/scaffold-agent:test: This likely means Claude returned non-JSON format despite instructions.
@agentic-sdlc/scaffold-agent:test: Check logs for raw_response to see what Claude actually returned.
@agentic-sdlc/scaffold-agent:test: Template not found: app-template. Available templates in /Users/Greg/Projects/apps/zyp/agent-sdlc/packages/agents/scaffold-agent/templates
@agentic-sdlc/scaffold-agent:test: Template not found: package-template. Available templates in /Users/Greg/Projects/apps/zyp/agent-sdlc/packages/agents/scaffold-agent/templates
@agentic-sdlc/scaffold-agent:test: 
@agentic-sdlc/scaffold-agent:test: stderr | tests/scaffold-agent.test.ts > ScaffoldAgent > Task execution > should handle malformed Claude response
@agentic-sdlc/scaffold-agent:test: Template not found: tsconfig-template. Available templates in /Users/Greg/Projects/apps/zyp/agent-sdlc/packages/agents/scaffold-agent/templates
@agentic-sdlc/scaffold-agent:test: 
@agentic-sdlc/scaffold-agent:test: stderr | tests/scaffold-agent.test.ts > ScaffoldAgent > Project type support > should generate correct structure for service type
@agentic-sdlc/scaffold-agent:test: Template not found: app-template. Available templates in /Users/Greg/Projects/apps/zyp/agent-sdlc/packages/agents/scaffold-agent/templates
@agentic-sdlc/scaffold-agent:test: 
@agentic-sdlc/scaffold-agent:test: stderr | tests/scaffold-agent.test.ts > ScaffoldAgent > Project type support > should generate correct structure for service type
@agentic-sdlc/scaffold-agent:test: Template not found: package-template. Available templates in /Users/Greg/Projects/apps/zyp/agent-sdlc/packages/agents/scaffold-agent/templates
@agentic-sdlc/scaffold-agent:test: Template not found: tsconfig-template. Available templates in /Users/Greg/Projects/apps/zyp/agent-sdlc/packages/agents/scaffold-agent/templates
@agentic-sdlc/scaffold-agent:test: 
@agentic-sdlc/scaffold-agent:test: stderr | tests/scaffold-agent.test.ts > ScaffoldAgent > Project type support > should generate correct structure for app type
@agentic-sdlc/scaffold-agent:test: Template not found: app-template. Available templates in /Users/Greg/Projects/apps/zyp/agent-sdlc/packages/agents/scaffold-agent/templates
@agentic-sdlc/scaffold-agent:test: Template not found: package-template. Available templates in /Users/Greg/Projects/apps/zyp/agent-sdlc/packages/agents/scaffold-agent/templates
@agentic-sdlc/scaffold-agent:test: 
@agentic-sdlc/scaffold-agent:test: stderr | tests/scaffold-agent.test.ts > ScaffoldAgent > Project type support > should generate correct structure for app type
@agentic-sdlc/scaffold-agent:test: Template not found: tsconfig-template. Available templates in /Users/Greg/Projects/apps/zyp/agent-sdlc/packages/agents/scaffold-agent/templates
@agentic-sdlc/scaffold-agent:test: 
@agentic-sdlc/scaffold-agent:test: stderr | tests/scaffold-agent.test.ts > ScaffoldAgent > Project type support > should generate correct structure for feature type
@agentic-sdlc/scaffold-agent:test: Template not found: app-template. Available templates in /Users/Greg/Projects/apps/zyp/agent-sdlc/packages/agents/scaffold-agent/templates
@agentic-sdlc/scaffold-agent:test: 
@agentic-sdlc/scaffold-agent:test: stderr | tests/scaffold-agent.test.ts > ScaffoldAgent > Project type support > should generate correct structure for feature type
@agentic-sdlc/scaffold-agent:test: Template not found: package-template. Available templates in /Users/Greg/Projects/apps/zyp/agent-sdlc/packages/agents/scaffold-agent/templates
@agentic-sdlc/scaffold-agent:test: Template not found: tsconfig-template. Available templates in /Users/Greg/Projects/apps/zyp/agent-sdlc/packages/agents/scaffold-agent/templates
@agentic-sdlc/scaffold-agent:test: 
@agentic-sdlc/scaffold-agent:test: stderr | tests/scaffold-agent.test.ts > ScaffoldAgent > Project type support > should generate correct structure for capability type
@agentic-sdlc/scaffold-agent:test: Template not found: app-template. Available templates in /Users/Greg/Projects/apps/zyp/agent-sdlc/packages/agents/scaffold-agent/templates
@agentic-sdlc/scaffold-agent:test: 
@agentic-sdlc/scaffold-agent:test: stderr | tests/scaffold-agent.test.ts > ScaffoldAgent > Project type support > should generate correct structure for capability type
@agentic-sdlc/scaffold-agent:test: Template not found: package-template. Available templates in /Users/Greg/Projects/apps/zyp/agent-sdlc/packages/agents/scaffold-agent/templates
@agentic-sdlc/scaffold-agent:test: Template not found: tsconfig-template. Available templates in /Users/Greg/Projects/apps/zyp/agent-sdlc/packages/agents/scaffold-agent/templates
@agentic-sdlc/scaffold-agent:test: 
@agentic-sdlc/scaffold-agent:test: stderr | tests/scaffold-agent.test.ts > ScaffoldAgent > Contract generation > should generate Zod schemas from contracts
@agentic-sdlc/scaffold-agent:test: Template not found: app-template. Available templates in /Users/Greg/Projects/apps/zyp/agent-sdlc/packages/agents/scaffold-agent/templates
@agentic-sdlc/scaffold-agent:test: Template not found: package-template. Available templates in /Users/Greg/Projects/apps/zyp/agent-sdlc/packages/agents/scaffold-agent/templates
@agentic-sdlc/scaffold-agent:test: Template not found: tsconfig-template. Available templates in /Users/Greg/Projects/apps/zyp/agent-sdlc/packages/agents/scaffold-agent/templates
@agentic-sdlc/scaffold-agent:test: 
@agentic-sdlc/scaffold-agent:test: [2025-11-11 21:34:33] [32mINFO[39m (scaffold-6375e137/51161): [36mScaffold agent schemas registered[39m
@agentic-sdlc/scaffold-agent:test: stderr | tests/scaffold-agent.test.ts > ScaffoldAgent > Test generation > should generate test files when generate_tests is true
@agentic-sdlc/scaffold-agent:test: Template not found: app-template. Available templates in /Users/Greg/Projects/apps/zyp/agent-sdlc/packages/agents/scaffold-agent/templates
@agentic-sdlc/scaffold-agent:test: Template not found: package-template. Available templates in /Users/Greg/Projects/apps/zyp/agent-sdlc/packages/agents/scaffold-agent/templates
@agentic-sdlc/scaffold-agent:test: Template not found: tsconfig-template. Available templates in /Users/Greg/Projects/apps/zyp/agent-sdlc/packages/agents/scaffold-agent/templates
@agentic-sdlc/scaffold-agent:test: 
@agentic-sdlc/scaffold-agent:test: [2025-11-11 21:34:33] [32mINFO[39m (scaffold-6375e137/51161): [36mExecuting scaffold task[39m
@agentic-sdlc/scaffold-agent:test: [2025-11-11 21:34:33] [32mINFO[39m (scaffold-6375e137/51161): [36mAnalyzing requirements[39m
@agentic-sdlc/scaffold-agent:test: [2025-11-11 21:34:33] [32mINFO[39m (scaffold-6375e137/51161): [36mCalling Claude API to analyze requirements[39m
@agentic-sdlc/scaffold-agent:test: [2025-11-11 21:34:33] [31mERROR[39m (scaffold-6375e137/51161): [36mFailed to analyze requirements with Claude API[39m
@agentic-sdlc/scaffold-agent:test: [2025-11-11 21:34:33] [32mINFO[39m (scaffold-6375e137/51161): [36mGenerating project structure[39m
@agentic-sdlc/scaffold-agent:test: [2025-11-11 21:34:33] [32mINFO[39m (scaffold-6375e137/51161): [36mCreating files[39m
@agentic-sdlc/scaffold-agent:test: [2025-11-11 21:34:33] [32mINFO[39m (scaffold-6375e137/51161): [36m[SESSION #36] Creating project files[39m
@agentic-sdlc/scaffold-agent:test: [2025-11-11 21:34:33] [32mINFO[39m (scaffold-6375e137/51161): [36m[SESSION #36] Creating base project directory[39m
@agentic-sdlc/scaffold-agent:test: [2025-11-11 21:34:33] [33mWARN[39m (scaffold-6375e137/51161): [36mUsing absolute path[39m
@agentic-sdlc/scaffold-agent:test: [2025-11-11 21:34:33] [32mINFO[39m (scaffold-6375e137/51161): [36m[SESSION #36] Base project directory created[39m
@agentic-sdlc/scaffold-agent:test: [2025-11-11 21:34:33] [32mINFO[39m (scaffold-6375e137/51161): [36m[SESSION #36] Creating subdirectories[39m
@agentic-sdlc/scaffold-agent:test: [2025-11-11 21:34:33] [33mWARN[39m (scaffold-6375e137/51161): [36mUsing absolute path[39m
@agentic-sdlc/scaffold-agent:test: [2025-11-11 21:34:33] [32mINFO[39m (scaffold-6375e137/51161): [36m[SESSION #36] Subdirectories created[39m
@agentic-sdlc/scaffold-agent:test: [2025-11-11 21:34:33] [32mINFO[39m (scaffold-6375e137/51161): [36m[SESSION #36] Processing file[39m
@agentic-sdlc/scaffold-agent:test: [2025-11-11 21:34:33] [33mWARN[39m (scaffold-6375e137/51161): [36m[SESSION #36] Template rendering failed, using fallback[39m
@agentic-sdlc/scaffold-agent:test: [2025-11-11 21:34:33] [32mINFO[39m (scaffold-6375e137/51161): [36m[SESSION #36] Writing file to disk[39m
@agentic-sdlc/scaffold-agent:test: [2025-11-11 21:34:33] [33mWARN[39m (scaffold-6375e137/51161): [36mUsing absolute path[39m
@agentic-sdlc/scaffold-agent:test: [2025-11-11 21:34:33] [32mINFO[39m (scaffold-6375e137/51161): [36m[SESSION #36] File written successfully[39m
@agentic-sdlc/scaffold-agent:test: [2025-11-11 21:34:33] [32mINFO[39m (scaffold-6375e137/51161): [36m[SESSION #36] Processing file[39m
@agentic-sdlc/scaffold-agent:test: [2025-11-11 21:34:33] [33mWARN[39m (scaffold-6375e137/51161): [36m[SESSION #36] Template rendering failed, using fallback[39m
@agentic-sdlc/scaffold-agent:test: [2025-11-11 21:34:33] [32mINFO[39m (scaffold-6375e137/51161): [36m[SESSION #36] Writing file to disk[39m
@agentic-sdlc/scaffold-agent:test: [2025-11-11 21:34:33] [33mWARN[39m (scaffold-6375e137/51161): [36mUsing absolute path[39m
@agentic-sdlc/scaffold-agent:test: [2025-11-11 21:34:33] [32mINFO[39m (scaffold-6375e137/51161): [36m[SESSION #36] File written successfully[39m
@agentic-sdlc/scaffold-agent:test: [2025-11-11 21:34:33] [32mINFO[39m (scaffold-6375e137/51161): [36m[SESSION #36] Processing file[39m
@agentic-sdlc/scaffold-agent:test: [2025-11-11 21:34:33] [33mWARN[39m (scaffold-6375e137/51161): [36m[SESSION #36] Template rendering failed, using fallback[39m
@agentic-sdlc/scaffold-agent:test: [2025-11-11 21:34:33] [32mINFO[39m (scaffold-6375e137/51161): [36m[SESSION #36] Writing file to disk[39m
@agentic-sdlc/scaffold-agent:test: [2025-11-11 21:34:33] [33mWARN[39m (scaffold-6375e137/51161): [36mUsing absolute path[39m
@agentic-sdlc/scaffold-agent:test: [2025-11-11 21:34:33] [32mINFO[39m (scaffold-6375e137/51161): [36m[SESSION #36] File written successfully[39m
@agentic-sdlc/scaffold-agent:test: [2025-11-11 21:34:33] [32mINFO[39m (scaffold-6375e137/51161): [36m[SESSION #36] Files created successfully[39m
@agentic-sdlc/scaffold-agent:test: [2025-11-11 21:34:33] [32mINFO[39m (scaffold-6375e137/51161): [36m[SESSION #36] Verifying files on disk[39m
@agentic-sdlc/scaffold-agent:test: [2025-11-11 21:34:33] [32mINFO[39m (scaffold-6375e137/51161): [36m[SESSION #36] Directory exists check[39m
@agentic-sdlc/scaffold-agent:test: [2025-11-11 21:34:33] [32mINFO[39m (scaffold-6375e137/51161): [36m[SESSION #36] Files found on disk[39m
@agentic-sdlc/scaffold-agent:test: [2025-11-11 21:34:33] [32mINFO[39m (scaffold-6375e137/51161): [36mScaffold task completed successfully[39m
@agentic-sdlc/scaffold-agent:test: [2025-11-11 21:34:33] [32mINFO[39m (scaffold-6375e137/51161): [36mCleaning up agent[39m
@agentic-sdlc/scaffold-agent:test: [2025-11-11 21:34:33] [32mINFO[39m (scaffold-6375e137/51161): [36mDeregistered from orchestrator[39m
@agentic-sdlc/scaffold-agent:test: [2025-11-11 21:34:33] [32mINFO[39m (scaffold-6375e137/51161): [36mAgent cleanup completed[39m
@agentic-sdlc/scaffold-agent:test: (node:51161) MaxListenersExceededWarning: Possible EventEmitter memory leak detected. 11 exit listeners added to [process]. MaxListeners is 10. Use emitter.setMaxListeners() to increase limit
@agentic-sdlc/scaffold-agent:test: (Use `node --trace-warnings ...` to show where the warning was created)
@agentic-sdlc/scaffold-agent:test: [2025-11-11 21:34:33] [32mINFO[39m (scaffold-48f1533c/51161): [36mScaffold agent schemas registered[39m
@agentic-sdlc/scaffold-agent:test: stderr | tests/scaffold-agent.test.ts > ScaffoldAgent > Test generation > should skip test files when generate_tests is false
@agentic-sdlc/scaffold-agent:test: Template not found: app-template. Available templates in /Users/Greg/Projects/apps/zyp/agent-sdlc/packages/agents/scaffold-agent/templates
@agentic-sdlc/scaffold-agent:test: 
@agentic-sdlc/scaffold-agent:test: stderr | tests/scaffold-agent.test.ts > ScaffoldAgent > Test generation > should skip test files when generate_tests is false
@agentic-sdlc/scaffold-agent:test: Template not found: package-template. Available templates in /Users/Greg/Projects/apps/zyp/agent-sdlc/packages/agents/scaffold-agent/templates
@agentic-sdlc/scaffold-agent:test: 
@agentic-sdlc/scaffold-agent:test: [2025-11-11 21:34:33] [32mINFO[39m (scaffold-48f1533c/51161): [36mExecuting scaffold task[39m
@agentic-sdlc/scaffold-agent:test: [2025-11-11 21:34:33] [32mINFO[39m (scaffold-48f1533c/51161): [36mAnalyzing requirements[39m
@agentic-sdlc/scaffold-agent:test: [2025-11-11 21:34:33] [32mINFO[39m (scaffold-48f1533c/51161): [36mCalling Claude API to analyze requirements[39m
@agentic-sdlc/scaffold-agent:test: [2025-11-11 21:34:33] [32mINFO[39m (scaffold-48f1533c/51161): [36mClaude API response received[39m
@agentic-sdlc/scaffold-agent:test: [2025-11-11 21:34:33] [31mERROR[39m (scaffold-48f1533c/51161): [36mFailed to extract valid JSON from Claude response after trying all strategies[39m
@agentic-sdlc/scaffold-agent:test: [2025-11-11 21:34:33] [31mERROR[39m (scaffold-48f1533c/51161): [36mFailed to analyze requirements with Claude API[39m
@agentic-sdlc/scaffold-agent:test: [2025-11-11 21:34:33] [32mINFO[39m (scaffold-48f1533c/51161): [36mGenerating project structure[39m
@agentic-sdlc/scaffold-agent:test: [2025-11-11 21:34:33] [32mINFO[39m (scaffold-48f1533c/51161): [36mCreating files[39m
@agentic-sdlc/scaffold-agent:test: [2025-11-11 21:34:33] [32mINFO[39m (scaffold-48f1533c/51161): [36m[SESSION #36] Creating project files[39m
@agentic-sdlc/scaffold-agent:test: [2025-11-11 21:34:33] [32mINFO[39m (scaffold-48f1533c/51161): [36m[SESSION #36] Creating base project directory[39m
@agentic-sdlc/scaffold-agent:test: [2025-11-11 21:34:33] [33mWARN[39m (scaffold-48f1533c/51161): [36mUsing absolute path[39m
@agentic-sdlc/scaffold-agent:test: [2025-11-11 21:34:33] [32mINFO[39m (scaffold-48f1533c/51161): [36m[SESSION #36] Base project directory created[39m
@agentic-sdlc/scaffold-agent:test: [2025-11-11 21:34:33] [32mINFO[39m (scaffold-48f1533c/51161): [36m[SESSION #36] Creating subdirectories[39m
@agentic-sdlc/scaffold-agent:test: [2025-11-11 21:34:33] [33mWARN[39m (scaffold-48f1533c/51161): [36mUsing absolute path[39m
@agentic-sdlc/scaffold-agent:test: [2025-11-11 21:34:33] [32mINFO[39m (scaffold-48f1533c/51161): [36m[SESSION #36] Subdirectories created[39m
@agentic-sdlc/scaffold-agent:test: [2025-11-11 21:34:33] [32mINFO[39m (scaffold-48f1533c/51161): [36m[SESSION #36] Processing file[39m
@agentic-sdlc/scaffold-agent:test: [2025-11-11 21:34:33] [33mWARN[39m (scaffold-48f1533c/51161): [36m[SESSION #36] Template rendering failed, using fallback[39m
@agentic-sdlc/scaffold-agent:test: [2025-11-11 21:34:33] [32mINFO[39m (scaffold-48f1533c/51161): [36m[SESSION #36] Writing file to disk[39m
@agentic-sdlc/scaffold-agent:test: [2025-11-11 21:34:33] [33mWARN[39m (scaffold-48f1533c/51161): [36mUsing absolute path[39m
@agentic-sdlc/scaffold-agent:test: [2025-11-11 21:34:33] [32mINFO[39m (scaffold-48f1533c/51161): [36m[SESSION #36] File written successfully[39m
@agentic-sdlc/scaffold-agent:test: [2025-11-11 21:34:33] [32mINFO[39m (scaffold-48f1533c/51161): [36m[SESSION #36] Processing file[39m
@agentic-sdlc/scaffold-agent:test: [2025-11-11 21:34:33] [33mWARN[39m (scaffold-48f1533c/51161): [36m[SESSION #36] Template rendering failed, using fallback[39m
@agentic-sdlc/scaffold-agent:test: [2025-11-11 21:34:33] [32mINFO[39m (scaffold-48f1533c/51161): [36m[SESSION #36] Writing file to disk[39m
@agentic-sdlc/scaffold-agent:test: [2025-11-11 21:34:33] [33mWARN[39m (scaffold-48f1533c/51161): [36mUsing absolute path[39m
@agentic-sdlc/scaffold-agent:test: [2025-11-11 21:34:33] [32mINFO[39m (scaffold-48f1533c/51161): [36m[SESSION #36] File written successfully[39m
@agentic-sdlc/scaffold-agent:test: [2025-11-11 21:34:33] [32mINFO[39m (scaffold-48f1533c/51161): [36m[SESSION #36] Processing file[39m
@agentic-sdlc/scaffold-agent:test: [2025-11-11 21:34:33] [33mWARN[39m (scaffold-48f1533c/51161): [36m[SESSION #36] Template rendering failed, using fallback[39m
@agentic-sdlc/scaffold-agent:test: [2025-11-11 21:34:33] [32mINFO[39m (scaffold-48f1533c/51161): [36m[SESSION #36] Writing file to disk[39m
@agentic-sdlc/scaffold-agent:test: [2025-11-11 21:34:33] [33mWARN[39m (scaffold-48f1533c/51161): [36mUsing absolute path[39m
@agentic-sdlc/scaffold-agent:test: [2025-11-11 21:34:33] [32mINFO[39m (scaffold-48f1533c/51161): [36m[SESSION #36] File written successfully[39m
@agentic-sdlc/scaffold-agent:test: [2025-11-11 21:34:33] [32mINFO[39m (scaffold-48f1533c/51161): [36m[SESSION #36] Files created successfully[39m
@agentic-sdlc/scaffold-agent:test: [2025-11-11 21:34:33] [32mINFO[39m (scaffold-48f1533c/51161): [36m[SESSION #36] Verifying files on disk[39m
@agentic-sdlc/scaffold-agent:test: [2025-11-11 21:34:33] [32mINFO[39m (scaffold-48f1533c/51161): [36m[SESSION #36] Directory exists check[39m
@agentic-sdlc/scaffold-agent:test: [2025-11-11 21:34:33] [32mINFO[39m (scaffold-48f1533c/51161): [36m[SESSION #36] Files found on disk[39m
@agentic-sdlc/scaffold-agent:test: [2025-11-11 21:34:33] [32mINFO[39m (scaffold-48f1533c/51161): [36mScaffold task completed successfully[39m
@agentic-sdlc/scaffold-agent:test: [2025-11-11 21:34:33] [32mINFO[39m (scaffold-48f1533c/51161): [36mCleaning up agent[39m
@agentic-sdlc/scaffold-agent:test: [2025-11-11 21:34:33] [32mINFO[39m (scaffold-48f1533c/51161): [36mDeregistered from orchestrator[39m
@agentic-sdlc/scaffold-agent:test: [2025-11-11 21:34:33] [32mINFO[39m (scaffold-48f1533c/51161): [36mAgent cleanup completed[39m
@agentic-sdlc/scaffold-agent:test: stderr | tests/scaffold-agent.test.ts > ScaffoldAgent > Test generation > should skip test files when generate_tests is false
@agentic-sdlc/scaffold-agent:test: Template not found: tsconfig-template. Available templates in /Users/Greg/Projects/apps/zyp/agent-sdlc/packages/agents/scaffold-agent/templates
@agentic-sdlc/scaffold-agent:test: 
@agentic-sdlc/scaffold-agent:test: [2025-11-11 21:34:33] [31mERROR[39m (scaffold-a037054e/51161): [36mFailed to analyze requirements with Claude API[39m
@agentic-sdlc/scaffold-agent:test: [2025-11-11 21:34:33] [32mINFO[39m (scaffold-a037054e/51161): [36mGenerating project structure[39m
@agentic-sdlc/scaffold-agent:test: [2025-11-11 21:34:33] [32mINFO[39m (scaffold-a037054e/51161): [36mCreating files[39m
@agentic-sdlc/scaffold-agent:test: [2025-11-11 21:34:33] [32mINFO[39m (scaffold-a037054e/51161): [36m[SESSION #36] Creating project files[39m
@agentic-sdlc/scaffold-agent:test: [2025-11-11 21:34:33] [32mINFO[39m (scaffold-a037054e/51161): [36m[SESSION #36] Creating base project directory[39m
@agentic-sdlc/scaffold-agent:test: [2025-11-11 21:34:33] [33mWARN[39m (scaffold-a037054e/51161): [36mUsing absolute path[39m
@agentic-sdlc/scaffold-agent:test: [2025-11-11 21:34:33] [32mINFO[39m (scaffold-a037054e/51161): [36m[SESSION #36] Base project directory created[39m
@agentic-sdlc/scaffold-agent:test: [2025-11-11 21:34:33] [32mINFO[39m (scaffold-a037054e/51161): [36m[SESSION #36] Creating subdirectories[39m
@agentic-sdlc/scaffold-agent:test: [2025-11-11 21:34:33] [33mWARN[39m (scaffold-a037054e/51161): [36mUsing absolute path[39m
@agentic-sdlc/scaffold-agent:test: [2025-11-11 21:34:33] [32mINFO[39m (scaffold-a037054e/51161): [36m[SESSION #36] Subdirectories created[39m
@agentic-sdlc/scaffold-agent:test: [2025-11-11 21:34:33] [32mINFO[39m (scaffold-a037054e/51161): [36m[SESSION #36] Processing file[39m
@agentic-sdlc/scaffold-agent:test: [2025-11-11 21:34:33] [33mWARN[39m (scaffold-a037054e/51161): [36m[SESSION #36] Template rendering failed, using fallback[39m
@agentic-sdlc/scaffold-agent:test: [2025-11-11 21:34:33] [32mINFO[39m (scaffold-a037054e/51161): [36m[SESSION #36] Writing file to disk[39m
@agentic-sdlc/scaffold-agent:test: [2025-11-11 21:34:33] [33mWARN[39m (scaffold-a037054e/51161): [36mUsing absolute path[39m
@agentic-sdlc/scaffold-agent:test: [2025-11-11 21:34:33] [32mINFO[39m (scaffold-a037054e/51161): [36m[SESSION #36] File written successfully[39m
@agentic-sdlc/scaffold-agent:test: [2025-11-11 21:34:33] [32mINFO[39m (scaffold-a037054e/51161): [36m[SESSION #36] Processing file[39m
@agentic-sdlc/scaffold-agent:test: [2025-11-11 21:34:33] [33mWARN[39m (scaffold-a037054e/51161): [36m[SESSION #36] Template rendering failed, using fallback[39m
@agentic-sdlc/scaffold-agent:test: [2025-11-11 21:34:33] [32mINFO[39m (scaffold-a037054e/51161): [36m[SESSION #36] Writing file to disk[39m
@agentic-sdlc/scaffold-agent:test: [2025-11-11 21:34:33] [33mWARN[39m (scaffold-a037054e/51161): [36mUsing absolute path[39m
@agentic-sdlc/scaffold-agent:test: [2025-11-11 21:34:33] [32mINFO[39m (scaffold-a037054e/51161): [36m[SESSION #36] File written successfully[39m
@agentic-sdlc/scaffold-agent:test: [2025-11-11 21:34:33] [32mINFO[39m (scaffold-a037054e/51161): [36m[SESSION #36] Processing file[39m
@agentic-sdlc/scaffold-agent:test: [2025-11-11 21:34:33] [33mWARN[39m (scaffold-a037054e/51161): [36m[SESSION #36] Template rendering failed, using fallback[39m
@agentic-sdlc/scaffold-agent:test: [2025-11-11 21:34:33] [32mINFO[39m (scaffold-a037054e/51161): [36m[SESSION #36] Writing file to disk[39m
@agentic-sdlc/scaffold-agent:test: [2025-11-11 21:34:33] [33mWARN[39m (scaffold-a037054e/51161): [36mUsing absolute path[39m
@agentic-sdlc/scaffold-agent:test: [2025-11-11 21:34:33] [32mINFO[39m (scaffold-a037054e/51161): [36m[SESSION #36] File written successfully[39m
@agentic-sdlc/scaffold-agent:test: [2025-11-11 21:34:33] [32mINFO[39m (scaffold-a037054e/51161): [36m[SESSION #36] Files created successfully[39m
@agentic-sdlc/scaffold-agent:test: [2025-11-11 21:34:33] [32mINFO[39m (scaffold-a037054e/51161): [36m[SESSION #36] Verifying files on disk[39m
@agentic-sdlc/scaffold-agent:test: [2025-11-11 21:34:33] [32mINFO[39m (scaffold-a037054e/51161): [36m[SESSION #36] Directory exists check[39m
@agentic-sdlc/scaffold-agent:test: [2025-11-11 21:34:33] [32mINFO[39m (scaffold-a037054e/51161): [36m[SESSION #36] Files found on disk[39m
@agentic-sdlc/scaffold-agent:test: [2025-11-11 21:34:33] [32mINFO[39m (scaffold-a037054e/51161): [36mScaffold task completed successfully[39m
@agentic-sdlc/scaffold-agent:test: [2025-11-11 21:34:33] [32mINFO[39m (scaffold-a037054e/51161): [36mCleaning up agent[39m
@agentic-sdlc/scaffold-agent:test: [2025-11-11 21:34:33] [32mINFO[39m (scaffold-a037054e/51161): [36mDeregistered from orchestrator[39m
@agentic-sdlc/scaffold-agent:test: [2025-11-11 21:34:33] [32mINFO[39m (scaffold-a037054e/51161): [36mAgent cleanup completed[39m
@agentic-sdlc/scaffold-agent:test: [2025-11-11 21:34:33] [32mINFO[39m (scaffold-e20c1f23/51161): [36mScaffold agent schemas registered[39m
@agentic-sdlc/scaffold-agent:test: [2025-11-11 21:34:33] [32mINFO[39m (scaffold-e20c1f23/51161): [36mExecuting scaffold task[39m
@agentic-sdlc/scaffold-agent:test: [2025-11-11 21:34:33] [32mINFO[39m (scaffold-e20c1f23/51161): [36mAnalyzing requirements[39m
@agentic-sdlc/scaffold-agent:test: [2025-11-11 21:34:33] [32mINFO[39m (scaffold-e20c1f23/51161): [36mCalling Claude API to analyze requirements[39m
@agentic-sdlc/scaffold-agent:test: [2025-11-11 21:34:33] [32mINFO[39m (scaffold-e20c1f23/51161): [36mClaude API response received[39m
@agentic-sdlc/scaffold-agent:test: [2025-11-11 21:34:33] [32mINFO[39m (scaffold-e20c1f23/51161): [36mRequirements analysis completed successfully[39m
@agentic-sdlc/scaffold-agent:test: [2025-11-11 21:34:33] [32mINFO[39m (scaffold-e20c1f23/51161): [36mGenerating project structure[39m
@agentic-sdlc/scaffold-agent:test: [2025-11-11 21:34:33] [32mINFO[39m (scaffold-e20c1f23/51161): [36mCreating files[39m
@agentic-sdlc/scaffold-agent:test: [2025-11-11 21:34:33] [32mINFO[39m (scaffold-e20c1f23/51161): [36m[SESSION #36] Creating project files[39m
@agentic-sdlc/scaffold-agent:test: [2025-11-11 21:34:33] [32mINFO[39m (scaffold-e20c1f23/51161): [36m[SESSION #36] Creating base project directory[39m
@agentic-sdlc/scaffold-agent:test: [2025-11-11 21:34:33] [33mWARN[39m (scaffold-e20c1f23/51161): [36mUsing absolute path[39m
@agentic-sdlc/scaffold-agent:test: [2025-11-11 21:34:33] [32mINFO[39m (scaffold-e20c1f23/51161): [36m[SESSION #36] Base project directory created[39m
@agentic-sdlc/scaffold-agent:test: [2025-11-11 21:34:33] [32mINFO[39m (scaffold-e20c1f23/51161): [36m[SESSION #36] Creating subdirectories[39m
@agentic-sdlc/scaffold-agent:test: [2025-11-11 21:34:33] [33mWARN[39m (scaffold-e20c1f23/51161): [36mUsing absolute path[39m
@agentic-sdlc/scaffold-agent:test: [2025-11-11 21:34:33] [32mINFO[39m (scaffold-e20c1f23/51161): [36m[SESSION #36] Subdirectories created[39m
@agentic-sdlc/scaffold-agent:test: [2025-11-11 21:34:33] [32mINFO[39m (scaffold-e20c1f23/51161): [36m[SESSION #36] Processing file[39m
@agentic-sdlc/scaffold-agent:test: [2025-11-11 21:34:33] [33mWARN[39m (scaffold-e20c1f23/51161): [36m[SESSION #36] Template rendering failed, using fallback[39m
@agentic-sdlc/scaffold-agent:test: [2025-11-11 21:34:33] [32mINFO[39m (scaffold-e20c1f23/51161): [36m[SESSION #36] Writing file to disk[39m
@agentic-sdlc/scaffold-agent:test: [2025-11-11 21:34:33] [33mWARN[39m (scaffold-e20c1f23/51161): [36mUsing absolute path[39m
@agentic-sdlc/scaffold-agent:test: [2025-11-11 21:34:33] [32mINFO[39m (scaffold-e20c1f23/51161): [36m[SESSION #36] File written successfully[39m
@agentic-sdlc/scaffold-agent:test: [2025-11-11 21:34:33] [32mINFO[39m (scaffold-e20c1f23/51161): [36m[SESSION #36] Processing file[39m
@agentic-sdlc/scaffold-agent:test: [2025-11-11 21:34:33] [33mWARN[39m (scaffold-e20c1f23/51161): [36m[SESSION #36] Template rendering failed, using fallback[39m
@agentic-sdlc/scaffold-agent:test: [2025-11-11 21:34:33] [32mINFO[39m (scaffold-e20c1f23/51161): [36m[SESSION #36] Writing file to disk[39m
@agentic-sdlc/scaffold-agent:test: [2025-11-11 21:34:33] [33mWARN[39m (scaffold-e20c1f23/51161): [36mUsing absolute path[39m
@agentic-sdlc/scaffold-agent:test: [2025-11-11 21:34:33] [32mINFO[39m (scaffold-e20c1f23/51161): [36m[SESSION #36] File written successfully[39m
@agentic-sdlc/scaffold-agent:test: [2025-11-11 21:34:33] [32mINFO[39m (scaffold-e20c1f23/51161): [36m[SESSION #36] Processing file[39m
@agentic-sdlc/scaffold-agent:test: [2025-11-11 21:34:33] [33mWARN[39m (scaffold-e20c1f23/51161): [36m[SESSION #36] Template rendering failed, using fallback[39m
@agentic-sdlc/scaffold-agent:test: [2025-11-11 21:34:33] [32mINFO[39m (scaffold-e20c1f23/51161): [36m[SESSION #36] Writing file to disk[39m
@agentic-sdlc/scaffold-agent:test: [2025-11-11 21:34:33] [33mWARN[39m (scaffold-e20c1f23/51161): [36mUsing absolute path[39m
@agentic-sdlc/scaffold-agent:test: [2025-11-11 21:34:33] [32mINFO[39m (scaffold-e20c1f23/51161): [36m[SESSION #36] File written successfully[39m
@agentic-sdlc/scaffold-agent:test: [2025-11-11 21:34:33] [32mINFO[39m (scaffold-e20c1f23/51161): [36m[SESSION #36] Files created successfully[39m
@agentic-sdlc/scaffold-agent:test: [2025-11-11 21:34:33] [32mINFO[39m (scaffold-e20c1f23/51161): [36m[SESSION #36] Verifying files on disk[39m
@agentic-sdlc/scaffold-agent:test: [2025-11-11 21:34:33] [32mINFO[39m (scaffold-e20c1f23/51161): [36m[SESSION #36] Directory exists check[39m
@agentic-sdlc/scaffold-agent:test: [2025-11-11 21:34:33] [32mINFO[39m (scaffold-e20c1f23/51161): [36m[SESSION #36] Files found on disk[39m
@agentic-sdlc/scaffold-agent:test: [2025-11-11 21:34:33] [32mINFO[39m (scaffold-e20c1f23/51161): [36mScaffold task completed successfully[39m
@agentic-sdlc/scaffold-agent:test: [2025-11-11 21:34:33] [32mINFO[39m (scaffold-e20c1f23/51161): [36mCleaning up agent[39m
@agentic-sdlc/scaffold-agent:test: [2025-11-11 21:34:33] [32mINFO[39m (scaffold-e20c1f23/51161): [36mDeregistered from orchestrator[39m
@agentic-sdlc/scaffold-agent:test: [2025-11-11 21:34:33] [32mINFO[39m (scaffold-e20c1f23/51161): [36mAgent cleanup completed[39m
@agentic-sdlc/scaffold-agent:test: [2025-11-11 21:34:33] [32mINFO[39m (scaffold-a66ed88b/51161): [36mScaffold agent schemas registered[39m
@agentic-sdlc/scaffold-agent:test: stderr | tests/scaffold-agent.test.ts > ScaffoldAgent > Metrics collection > should collect execution metrics
@agentic-sdlc/scaffold-agent:test: Template not found: app-template. Available templates in /Users/Greg/Projects/apps/zyp/agent-sdlc/packages/agents/scaffold-agent/templates
@agentic-sdlc/scaffold-agent:test: Template not found: package-template. Available templates in /Users/Greg/Projects/apps/zyp/agent-sdlc/packages/agents/scaffold-agent/templates
@agentic-sdlc/scaffold-agent:test: Template not found: tsconfig-template. Available templates in /Users/Greg/Projects/apps/zyp/agent-sdlc/packages/agents/scaffold-agent/templates
@agentic-sdlc/scaffold-agent:test: 
@agentic-sdlc/scaffold-agent:test: [2025-11-11 21:34:33] [32mINFO[39m (scaffold-a66ed88b/51161): [36mExecuting scaffold task[39m
@agentic-sdlc/scaffold-agent:test: [2025-11-11 21:34:33] [32mINFO[39m (scaffold-a66ed88b/51161): [36mAnalyzing requirements[39m
@agentic-sdlc/scaffold-agent:test: [2025-11-11 21:34:33] [32mINFO[39m (scaffold-a66ed88b/51161): [36mCalling Claude API to analyze requirements[39m
@agentic-sdlc/scaffold-agent:test: [2025-11-11 21:34:33] [32mINFO[39m (scaffold-a66ed88b/51161): [36mClaude API response received[39m
@agentic-sdlc/scaffold-agent:test: [2025-11-11 21:34:33] [32mINFO[39m (scaffold-a66ed88b/51161): [36mRequirements analysis completed successfully[39m
@agentic-sdlc/scaffold-agent:test: [2025-11-11 21:34:33] [32mINFO[39m (scaffold-a66ed88b/51161): [36mGenerating project structure[39m
@agentic-sdlc/scaffold-agent:test: [2025-11-11 21:34:33] [32mINFO[39m (scaffold-a66ed88b/51161): [36mCreating files[39m
@agentic-sdlc/scaffold-agent:test: [2025-11-11 21:34:33] [32mINFO[39m (scaffold-a66ed88b/51161): [36m[SESSION #36] Creating project files[39m
@agentic-sdlc/scaffold-agent:test: [2025-11-11 21:34:33] [32mINFO[39m (scaffold-a66ed88b/51161): [36m[SESSION #36] Creating base project directory[39m
@agentic-sdlc/scaffold-agent:test: [2025-11-11 21:34:33] [33mWARN[39m (scaffold-a66ed88b/51161): [36mUsing absolute path[39m
@agentic-sdlc/scaffold-agent:test: [2025-11-11 21:34:33] [32mINFO[39m (scaffold-a66ed88b/51161): [36m[SESSION #36] Base project directory created[39m
@agentic-sdlc/scaffold-agent:test: [2025-11-11 21:34:33] [32mINFO[39m (scaffold-a66ed88b/51161): [36m[SESSION #36] Creating subdirectories[39m
@agentic-sdlc/scaffold-agent:test: [2025-11-11 21:34:33] [33mWARN[39m (scaffold-a66ed88b/51161): [36mUsing absolute path[39m
@agentic-sdlc/scaffold-agent:test: [2025-11-11 21:34:33] [32mINFO[39m (scaffold-a66ed88b/51161): [36m[SESSION #36] Subdirectories created[39m
@agentic-sdlc/scaffold-agent:test: [2025-11-11 21:34:33] [32mINFO[39m (scaffold-a66ed88b/51161): [36m[SESSION #36] Processing file[39m
@agentic-sdlc/scaffold-agent:test: [2025-11-11 21:34:33] [33mWARN[39m (scaffold-a66ed88b/51161): [36m[SESSION #36] Template rendering failed, using fallback[39m
@agentic-sdlc/scaffold-agent:test: [2025-11-11 21:34:33] [32mINFO[39m (scaffold-a66ed88b/51161): [36m[SESSION #36] Writing file to disk[39m
@agentic-sdlc/scaffold-agent:test: [2025-11-11 21:34:33] [33mWARN[39m (scaffold-a66ed88b/51161): [36mUsing absolute path[39m
@agentic-sdlc/scaffold-agent:test: [2025-11-11 21:34:33] [32mINFO[39m (scaffold-a66ed88b/51161): [36m[SESSION #36] File written successfully[39m
@agentic-sdlc/scaffold-agent:test: [2025-11-11 21:34:33] [32mINFO[39m (scaffold-a66ed88b/51161): [36m[SESSION #36] Processing file[39m
@agentic-sdlc/scaffold-agent:test: [2025-11-11 21:34:33] [33mWARN[39m (scaffold-a66ed88b/51161): [36m[SESSION #36] Template rendering failed, using fallback[39m
@agentic-sdlc/scaffold-agent:test: [2025-11-11 21:34:33] [32mINFO[39m (scaffold-a66ed88b/51161): [36m[SESSION #36] Writing file to disk[39m
@agentic-sdlc/scaffold-agent:test: [2025-11-11 21:34:33] [33mWARN[39m (scaffold-a66ed88b/51161): [36mUsing absolute path[39m
@agentic-sdlc/scaffold-agent:test: [2025-11-11 21:34:33] [32mINFO[39m (scaffold-a66ed88b/51161): [36m[SESSION #36] File written successfully[39m
@agentic-sdlc/scaffold-agent:test: [2025-11-11 21:34:33] [32mINFO[39m (scaffold-a66ed88b/51161): [36m[SESSION #36] Processing file[39m
@agentic-sdlc/scaffold-agent:test: [2025-11-11 21:34:33] [33mWARN[39m (scaffold-a66ed88b/51161): [36m[SESSION #36] Template rendering failed, using fallback[39m
@agentic-sdlc/scaffold-agent:test: [2025-11-11 21:34:33] [32mINFO[39m (scaffold-a66ed88b/51161): [36m[SESSION #36] Writing file to disk[39m
@agentic-sdlc/scaffold-agent:test: [2025-11-11 21:34:33] [33mWARN[39m (scaffold-a66ed88b/51161): [36mUsing absolute path[39m
@agentic-sdlc/scaffold-agent:test: [2025-11-11 21:34:33] [32mINFO[39m (scaffold-a66ed88b/51161): [36m[SESSION #36] File written successfully[39m
@agentic-sdlc/scaffold-agent:test: [2025-11-11 21:34:33] [32mINFO[39m (scaffold-a66ed88b/51161): [36m[SESSION #36] Files created successfully[39m
@agentic-sdlc/scaffold-agent:test: [2025-11-11 21:34:33] [32mINFO[39m (scaffold-a66ed88b/51161): [36m[SESSION #36] Verifying files on disk[39m
@agentic-sdlc/scaffold-agent:test: [2025-11-11 21:34:33] [32mINFO[39m (scaffold-a66ed88b/51161): [36m[SESSION #36] Directory exists check[39m
@agentic-sdlc/scaffold-agent:test: [2025-11-11 21:34:33] [32mINFO[39m (scaffold-a66ed88b/51161): [36m[SESSION #36] Files found on disk[39m
@agentic-sdlc/scaffold-agent:test: [2025-11-11 21:34:33] [32mINFO[39m (scaffold-a66ed88b/51161): [36mScaffold task completed successfully[39m
@agentic-sdlc/scaffold-agent:test: [2025-11-11 21:34:33] [32mINFO[39m (scaffold-a66ed88b/51161): [36mCleaning up agent[39m
@agentic-sdlc/scaffold-agent:test: [2025-11-11 21:34:33] [32mINFO[39m (scaffold-a66ed88b/51161): [36mDeregistered from orchestrator[39m
@agentic-sdlc/scaffold-agent:test: [2025-11-11 21:34:33] [32mINFO[39m (scaffold-a66ed88b/51161): [36mAgent cleanup completed[39m
@agentic-sdlc/scaffold-agent:test:  â¯ tests/scaffold-agent.test.ts  (14 tests | 8 failed) 292ms
@agentic-sdlc/scaffold-agent:test:    â¯ tests/scaffold-agent.test.ts > ScaffoldAgent > Task execution > should execute scaffold task successfully
@agentic-sdlc/scaffold-agent:test:      â†’ actual value must be number or bigint, received "object"
@agentic-sdlc/scaffold-agent:test:    â¯ tests/scaffold-agent.test.ts > ScaffoldAgent > Task execution > should handle invalid task gracefully
@agentic-sdlc/scaffold-agent:test:      â†’ expected 'success' to be 'failure' // Object.is equality
@agentic-sdlc/scaffold-agent:test:    â¯ tests/scaffold-agent.test.ts > ScaffoldAgent > Task execution > should handle Claude API errors
@agentic-sdlc/scaffold-agent:test:      â†’ expected 'success' to be 'failure' // Object.is equality
@agentic-sdlc/scaffold-agent:test:    â¯ tests/scaffold-agent.test.ts > ScaffoldAgent > Task execution > should handle malformed Claude response
@agentic-sdlc/scaffold-agent:test:      â†’ expected 'success' to be 'failure' // Object.is equality
@agentic-sdlc/scaffold-agent:test:    â¯ tests/scaffold-agent.test.ts > ScaffoldAgent > Contract generation > should generate Zod schemas from contracts
@agentic-sdlc/scaffold-agent:test:      â†’ Cannot read properties of undefined (reading 'some')
@agentic-sdlc/scaffold-agent:test:    â¯ tests/scaffold-agent.test.ts > ScaffoldAgent > Test generation > should generate test files when generate_tests is true
@agentic-sdlc/scaffold-agent:test:      â†’ Cannot read properties of undefined (reading 'some')
@agentic-sdlc/scaffold-agent:test:    â¯ tests/scaffold-agent.test.ts > ScaffoldAgent > Test generation > should skip test files when generate_tests is false
@agentic-sdlc/scaffold-agent:test:      â†’ Cannot read properties of undefined (reading 'every')
@agentic-sdlc/scaffold-agent:test:    â¯ tests/scaffold-agent.test.ts > ScaffoldAgent > Metrics collection > should collect execution metrics
@agentic-sdlc/scaffold-agent:test:      â†’ actual value must be number or bigint, received "undefined"
@agentic-sdlc/scaffold-agent:test: [2025-11-11 21:34:33] [32mINFO[39m (scaffold-ba56c6f2/51161): [36mScaffold agent schemas registered[39m
@agentic-sdlc/orchestrator:test: {"level":"error","timestamp":"2025-11-11T21:34:33.583Z","pid":51008,"hostname":"Mac.lan","name":"orchestrator","msg":"Failed to process agent result"}
@agentic-sdlc/scaffold-agent:test: [2025-11-11 21:34:33] [32mINFO[39m (scaffold-ba56c6f2/51161): [36mExecuting scaffold task[39m
@agentic-sdlc/scaffold-agent:test: [2025-11-11 21:34:33] [32mINFO[39m (scaffold-ba56c6f2/51161): [36mAnalyzing requirements[39m
@agentic-sdlc/scaffold-agent:test: [2025-11-11 21:34:33] [32mINFO[39m (scaffold-ba56c6f2/51161): [36mCalling Claude API to analyze requirements[39m
@agentic-sdlc/scaffold-agent:test: [2025-11-11 21:34:33] [32mINFO[39m (scaffold-ba56c6f2/51161): [36mClaude API response received[39m
@agentic-sdlc/scaffold-agent:test: [2025-11-11 21:34:33] [32mINFO[39m (scaffold-ba56c6f2/51161): [36mRequirements analysis completed successfully[39m
@agentic-sdlc/scaffold-agent:test: [2025-11-11 21:34:33] [32mINFO[39m (scaffold-ba56c6f2/51161): [36mGenerating project structure[39m
@agentic-sdlc/scaffold-agent:test: [2025-11-11 21:34:33] [32mINFO[39m (scaffold-ba56c6f2/51161): [36mCreating files[39m
@agentic-sdlc/scaffold-agent:test: [2025-11-11 21:34:33] [32mINFO[39m (scaffold-ba56c6f2/51161): [36m[SESSION #36] Creating project files[39m
@agentic-sdlc/scaffold-agent:test: [2025-11-11 21:34:33] [32mINFO[39m (scaffold-ba56c6f2/51161): [36m[SESSION #36] Creating base project directory[39m
@agentic-sdlc/scaffold-agent:test: [2025-11-11 21:34:33] [33mWARN[39m (scaffold-ba56c6f2/51161): [36mUsing absolute path[39m
@agentic-sdlc/scaffold-agent:test: [2025-11-11 21:34:33] [32mINFO[39m (scaffold-ba56c6f2/51161): [36m[SESSION #36] Base project directory created[39m
@agentic-sdlc/scaffold-agent:test: [2025-11-11 21:34:33] [32mINFO[39m (scaffold-ba56c6f2/51161): [36m[SESSION #36] Creating subdirectories[39m
@agentic-sdlc/scaffold-agent:test: [2025-11-11 21:34:33] [33mWARN[39m (scaffold-ba56c6f2/51161): [36mUsing absolute path[39m
@agentic-sdlc/scaffold-agent:test: [2025-11-11 21:34:33] [32mINFO[39m (scaffold-ba56c6f2/51161): [36m[SESSION #36] Subdirectories created[39m
@agentic-sdlc/scaffold-agent:test: [2025-11-11 21:34:33] [32mINFO[39m (scaffold-ba56c6f2/51161): [36m[SESSION #36] Processing file[39m
@agentic-sdlc/scaffold-agent:test: [2025-11-11 21:34:33] [33mWARN[39m (scaffold-ba56c6f2/51161): [36m[SESSION #36] Template rendering failed, using fallback[39m
@agentic-sdlc/scaffold-agent:test: [2025-11-11 21:34:33] [32mINFO[39m (scaffold-ba56c6f2/51161): [36m[SESSION #36] Writing file to disk[39m
@agentic-sdlc/scaffold-agent:test: [2025-11-11 21:34:33] [33mWARN[39m (scaffold-ba56c6f2/51161): [36mUsing absolute path[39m
@agentic-sdlc/scaffold-agent:test: [2025-11-11 21:34:33] [32mINFO[39m (scaffold-ba56c6f2/51161): [36m[SESSION #36] File written successfully[39m
@agentic-sdlc/scaffold-agent:test: [2025-11-11 21:34:33] [32mINFO[39m (scaffold-ba56c6f2/51161): [36m[SESSION #36] Processing file[39m
@agentic-sdlc/scaffold-agent:test: [2025-11-11 21:34:33] [33mWARN[39m (scaffold-ba56c6f2/51161): [36m[SESSION #36] Template rendering failed, using fallback[39m
@agentic-sdlc/scaffold-agent:test: [2025-11-11 21:34:33] [32mINFO[39m (scaffold-ba56c6f2/51161): [36m[SESSION #36] Writing file to disk[39m
@agentic-sdlc/scaffold-agent:test: [2025-11-11 21:34:33] [33mWARN[39m (scaffold-ba56c6f2/51161): [36mUsing absolute path[39m
@agentic-sdlc/scaffold-agent:test: [2025-11-11 21:34:33] [32mINFO[39m (scaffold-ba56c6f2/51161): [36m[SESSION #36] File written successfully[39m
@agentic-sdlc/scaffold-agent:test: [2025-11-11 21:34:33] [32mINFO[39m (scaffold-ba56c6f2/51161): [36m[SESSION #36] Processing file[39m
@agentic-sdlc/scaffold-agent:test: [2025-11-11 21:34:33] [33mWARN[39m (scaffold-ba56c6f2/51161): [36m[SESSION #36] Template rendering failed, using fallback[39m
@agentic-sdlc/scaffold-agent:test: [2025-11-11 21:34:33] [32mINFO[39m (scaffold-ba56c6f2/51161): [36m[SESSION #36] Writing file to disk[39m
@agentic-sdlc/scaffold-agent:test: [2025-11-11 21:34:33] [33mWARN[39m (scaffold-ba56c6f2/51161): [36mUsing absolute path[39m
@agentic-sdlc/scaffold-agent:test: [2025-11-11 21:34:33] [32mINFO[39m (scaffold-ba56c6f2/51161): [36m[SESSION #36] File written successfully[39m
@agentic-sdlc/scaffold-agent:test: [2025-11-11 21:34:33] [32mINFO[39m (scaffold-ba56c6f2/51161): [36m[SESSION #36] Files created successfully[39m
@agentic-sdlc/scaffold-agent:test: [2025-11-11 21:34:33] [32mINFO[39m (scaffold-ba56c6f2/51161): [36m[SESSION #36] Verifying files on disk[39m
@agentic-sdlc/scaffold-agent:test: [2025-11-11 21:34:33] [32mINFO[39m (scaffold-ba56c6f2/51161): [36m[SESSION #36] Directory exists check[39m
@agentic-sdlc/scaffold-agent:test: [2025-11-11 21:34:33] [32mINFO[39m (scaffold-ba56c6f2/51161): [36m[SESSION #36] Files found on disk[39m
@agentic-sdlc/scaffold-agent:test: [2025-11-11 21:34:33] [32mINFO[39m (scaffold-ba56c6f2/51161): [36mScaffold task completed successfully[39m
@agentic-sdlc/scaffold-agent:test: [2025-11-11 21:34:33] [32mINFO[39m (scaffold-ba56c6f2/51161): [36mCleaning up agent[39m
@agentic-sdlc/scaffold-agent:test: [2025-11-11 21:34:33] [32mINFO[39m (scaffold-ba56c6f2/51161): [36mDeregistered from orchestrator[39m
@agentic-sdlc/scaffold-agent:test: [2025-11-11 21:34:33] [32mINFO[39m (scaffold-ba56c6f2/51161): [36mAgent cleanup completed[39m
@agentic-sdlc/scaffold-agent:test: [2025-11-11 21:34:33] [32mINFO[39m (scaffold-64329636/51161): [36mScaffold agent schemas registered[39m
@agentic-sdlc/scaffold-agent:test: [2025-11-11 21:34:33] [32mINFO[39m (scaffold-64329636/51161): [36mExecuting scaffold task[39m
@agentic-sdlc/scaffold-agent:test: [2025-11-11 21:34:33] [32mINFO[39m (scaffold-64329636/51161): [36mAnalyzing requirements[39m
@agentic-sdlc/scaffold-agent:test: [2025-11-11 21:34:33] [32mINFO[39m (scaffold-64329636/51161): [36mCalling Claude API to analyze requirements[39m
@agentic-sdlc/scaffold-agent:test: [2025-11-11 21:34:33] [32mINFO[39m (scaffold-64329636/51161): [36mClaude API response received[39m
@agentic-sdlc/scaffold-agent:test: [2025-11-11 21:34:33] [32mINFO[39m (scaffold-64329636/51161): [36mRequirements analysis completed successfully[39m
@agentic-sdlc/scaffold-agent:test: [2025-11-11 21:34:33] [32mINFO[39m (scaffold-64329636/51161): [36mGenerating project structure[39m
@agentic-sdlc/scaffold-agent:test: [2025-11-11 21:34:33] [32mINFO[39m (scaffold-64329636/51161): [36mCreating files[39m
@agentic-sdlc/scaffold-agent:test: [2025-11-11 21:34:33] [32mINFO[39m (scaffold-64329636/51161): [36m[SESSION #36] Creating project files[39m
@agentic-sdlc/scaffold-agent:test: [2025-11-11 21:34:33] [32mINFO[39m (scaffold-64329636/51161): [36m[SESSION #36] Creating base project directory[39m
@agentic-sdlc/scaffold-agent:test: [2025-11-11 21:34:33] [33mWARN[39m (scaffold-64329636/51161): [36mUsing absolute path[39m
@agentic-sdlc/scaffold-agent:test: [2025-11-11 21:34:33] [32mINFO[39m (scaffold-64329636/51161): [36m[SESSION #36] Base project directory created[39m
@agentic-sdlc/scaffold-agent:test: [2025-11-11 21:34:33] [32mINFO[39m (scaffold-64329636/51161): [36m[SESSION #36] Creating subdirectories[39m
@agentic-sdlc/scaffold-agent:test: [2025-11-11 21:34:33] [33mWARN[39m (scaffold-64329636/51161): [36mUsing absolute path[39m
@agentic-sdlc/scaffold-agent:test: [2025-11-11 21:34:33] [32mINFO[39m (scaffold-64329636/51161): [36m[SESSION #36] Subdirectories created[39m
@agentic-sdlc/scaffold-agent:test: [2025-11-11 21:34:33] [32mINFO[39m (scaffold-64329636/51161): [36m[SESSION #36] Processing file[39m
@agentic-sdlc/scaffold-agent:test: [2025-11-11 21:34:33] [33mWARN[39m (scaffold-64329636/51161): [36m[SESSION #36] Template rendering failed, using fallback[39m
@agentic-sdlc/scaffold-agent:test: [2025-11-11 21:34:33] [32mINFO[39m (scaffold-64329636/51161): [36m[SESSION #36] Writing file to disk[39m
@agentic-sdlc/scaffold-agent:test: [2025-11-11 21:34:33] [33mWARN[39m (scaffold-64329636/51161): [36mUsing absolute path[39m
@agentic-sdlc/scaffold-agent:test: [2025-11-11 21:34:33] [32mINFO[39m (scaffold-64329636/51161): [36m[SESSION #36] File written successfully[39m
@agentic-sdlc/scaffold-agent:test: [2025-11-11 21:34:33] [32mINFO[39m (scaffold-64329636/51161): [36m[SESSION #36] Processing file[39m
@agentic-sdlc/scaffold-agent:test: [2025-11-11 21:34:33] [33mWARN[39m (scaffold-64329636/51161): [36m[SESSION #36] Template rendering failed, using fallback[39m
@agentic-sdlc/scaffold-agent:test: [2025-11-11 21:34:33] [32mINFO[39m (scaffold-64329636/51161): [36m[SESSION #36] Writing file to disk[39m
@agentic-sdlc/scaffold-agent:test: [2025-11-11 21:34:33] [33mWARN[39m (scaffold-64329636/51161): [36mUsing absolute path[39m
@agentic-sdlc/scaffold-agent:test: [2025-11-11 21:34:33] [32mINFO[39m (scaffold-64329636/51161): [36m[SESSION #36] File written successfully[39m
@agentic-sdlc/scaffold-agent:test: [2025-11-11 21:34:33] [32mINFO[39m (scaffold-64329636/51161): [36m[SESSION #36] Processing file[39m
@agentic-sdlc/scaffold-agent:test: [2025-11-11 21:34:33] [33mWARN[39m (scaffold-64329636/51161): [36m[SESSION #36] Template rendering failed, using fallback[39m
@agentic-sdlc/scaffold-agent:test: [2025-11-11 21:34:33] [32mINFO[39m (scaffold-64329636/51161): [36m[SESSION #36] Writing file to disk[39m
@agentic-sdlc/scaffold-agent:test: [2025-11-11 21:34:33] [33mWARN[39m (scaffold-64329636/51161): [36mUsing absolute path[39m
@agentic-sdlc/scaffold-agent:test: [2025-11-11 21:34:33] [32mINFO[39m (scaffold-64329636/51161): [36m[SESSION #36] File written successfully[39m
@agentic-sdlc/scaffold-agent:test: [2025-11-11 21:34:33] [32mINFO[39m (scaffold-64329636/51161): [36m[SESSION #36] Files created successfully[39m
@agentic-sdlc/scaffold-agent:test: [2025-11-11 21:34:33] [32mINFO[39m (scaffold-64329636/51161): [36m[SESSION #36] Verifying files on disk[39m
@agentic-sdlc/scaffold-agent:test: [2025-11-11 21:34:33] [32mINFO[39m (scaffold-64329636/51161): [36m[SESSION #36] Directory exists check[39m
@agentic-sdlc/scaffold-agent:test: [2025-11-11 21:34:33] [32mINFO[39m (scaffold-64329636/51161): [36m[SESSION #36] Files found on disk[39m
@agentic-sdlc/scaffold-agent:test: [2025-11-11 21:34:33] [32mINFO[39m (scaffold-64329636/51161): [36mScaffold task completed successfully[39m
@agentic-sdlc/scaffold-agent:test: [2025-11-11 21:34:33] [32mINFO[39m (scaffold-64329636/51161): [36mCleaning up agent[39m
@agentic-sdlc/scaffold-agent:test: [2025-11-11 21:34:33] [32mINFO[39m (scaffold-64329636/51161): [36mDeregistered from orchestrator[39m
@agentic-sdlc/scaffold-agent:test: [2025-11-11 21:34:33] [32mINFO[39m (scaffold-64329636/51161): [36mAgent cleanup completed[39m
@agentic-sdlc/scaffold-agent:test: [2025-11-11 21:34:33] [32mINFO[39m (scaffold-c35818ad/51161): [36mScaffold agent schemas registered[39m
@agentic-sdlc/scaffold-agent:test: 
@agentic-sdlc/scaffold-agent:test: âŽ¯âŽ¯âŽ¯âŽ¯âŽ¯âŽ¯âŽ¯ Failed Tests 8 âŽ¯âŽ¯âŽ¯âŽ¯âŽ¯âŽ¯âŽ¯
@agentic-sdlc/scaffold-agent:test: 
@agentic-sdlc/scaffold-agent:test:  FAIL  tests/scaffold-agent.test.ts > ScaffoldAgent > Task execution > should execute scaffold task successfully
@agentic-sdlc/scaffold-agent:test: TypeError: actual value must be number or bigint, received "object"
@agentic-sdlc/scaffold-agent:test:  â¯ tests/scaffold-agent.test.ts:99:54
@agentic-sdlc/scaffold-agent:test:      97|       expect(result.task_id).toBe(task.task_id);
@agentic-sdlc/scaffold-agent:test:      98|       expect(result.workflow_id).toBe(task.workflow_id);
@agentic-sdlc/scaffold-agent:test:      99|       expect((result.output as any).files_generated).toBeGreaterThan(0â€¦
@agentic-sdlc/scaffold-agent:test:        |                                                      ^
@agentic-sdlc/scaffold-agent:test:     100|       expect((result.output as any).summary).toContain('Successfully sâ€¦
@agentic-sdlc/scaffold-agent:test:     101|     });
@agentic-sdlc/scaffold-agent:test: 
@agentic-sdlc/scaffold-agent:test: âŽ¯âŽ¯âŽ¯âŽ¯âŽ¯âŽ¯âŽ¯âŽ¯âŽ¯âŽ¯âŽ¯âŽ¯âŽ¯âŽ¯âŽ¯âŽ¯âŽ¯âŽ¯âŽ¯âŽ¯âŽ¯âŽ¯âŽ¯âŽ¯[1/8]âŽ¯
@agentic-sdlc/scaffold-agent:test: 
@agentic-sdlc/scaffold-agent:test:  FAIL  tests/scaffold-agent.test.ts > ScaffoldAgent > Task execution > should handle invalid task gracefully
@agentic-sdlc/scaffold-agent:test: AssertionError: expected 'success' to be 'failure' // Object.is equality
@agentic-sdlc/scaffold-agent:test: 
@agentic-sdlc/scaffold-agent:test: - Expected
@agentic-sdlc/scaffold-agent:test: + Received
@agentic-sdlc/scaffold-agent:test: 
@agentic-sdlc/scaffold-agent:test: - failure
@agentic-sdlc/scaffold-agent:test: + success
@agentic-sdlc/scaffold-agent:test: 
@agentic-sdlc/scaffold-agent:test:  â¯ tests/scaffold-agent.test.ts:116:29
@agentic-sdlc/scaffold-agent:test:     114|       const result = await agent.execute(invalidTask);
@agentic-sdlc/scaffold-agent:test:     115| 
@agentic-sdlc/scaffold-agent:test:     116|       expect(result.status).toBe('failure');
@agentic-sdlc/scaffold-agent:test:        |                             ^
@agentic-sdlc/scaffold-agent:test:     117|       expect(result.errors).toBeDefined();
@agentic-sdlc/scaffold-agent:test:     118|       expect(result.errors!.length).toBeGreaterThan(0);
@agentic-sdlc/scaffold-agent:test: 
@agentic-sdlc/scaffold-agent:test: âŽ¯âŽ¯âŽ¯âŽ¯âŽ¯âŽ¯âŽ¯âŽ¯âŽ¯âŽ¯âŽ¯âŽ¯âŽ¯âŽ¯âŽ¯âŽ¯âŽ¯âŽ¯âŽ¯âŽ¯âŽ¯âŽ¯âŽ¯âŽ¯[2/8]âŽ¯
@agentic-sdlc/scaffold-agent:test: 
@agentic-sdlc/scaffold-agent:test:  FAIL  tests/scaffold-agent.test.ts > ScaffoldAgent > Task execution > should handle Claude API errors
@agentic-sdlc/scaffold-agent:test: AssertionError: expected 'success' to be 'failure' // Object.is equality
@agentic-sdlc/scaffold-agent:test: 
@agentic-sdlc/scaffold-agent:test: - Expected
@agentic-sdlc/scaffold-agent:test: + Received
@agentic-sdlc/scaffold-agent:test: 
@agentic-sdlc/scaffold-agent:test: - failure
@agentic-sdlc/scaffold-agent:test: + success
@agentic-sdlc/scaffold-agent:test: 
@agentic-sdlc/scaffold-agent:test:  â¯ tests/scaffold-agent.test.ts:143:29
@agentic-sdlc/scaffold-agent:test:     141|       const result = await agent.execute(task);
@agentic-sdlc/scaffold-agent:test:     142| 
@agentic-sdlc/scaffold-agent:test:     143|       expect(result.status).toBe('failure');
@agentic-sdlc/scaffold-agent:test:        |                             ^
@agentic-sdlc/scaffold-agent:test:     144|       expect(result.errors).toBeDefined();
@agentic-sdlc/scaffold-agent:test:     145|     });
@agentic-sdlc/scaffold-agent:test: 
@agentic-sdlc/scaffold-agent:test: âŽ¯âŽ¯âŽ¯âŽ¯âŽ¯âŽ¯âŽ¯âŽ¯âŽ¯âŽ¯âŽ¯âŽ¯âŽ¯âŽ¯âŽ¯âŽ¯âŽ¯âŽ¯âŽ¯âŽ¯âŽ¯âŽ¯âŽ¯âŽ¯[3/8]âŽ¯
@agentic-sdlc/scaffold-agent:test: 
@agentic-sdlc/scaffold-agent:test:  FAIL  tests/scaffold-agent.test.ts > ScaffoldAgent > Task execution > should handle malformed Claude response
@agentic-sdlc/scaffold-agent:test: AssertionError: expected 'success' to be 'failure' // Object.is equality
@agentic-sdlc/scaffold-agent:test: 
@agentic-sdlc/scaffold-agent:test: - Expected
@agentic-sdlc/scaffold-agent:test: + Received
@agentic-sdlc/scaffold-agent:test: 
@agentic-sdlc/scaffold-agent:test: - failure
@agentic-sdlc/scaffold-agent:test: + success
@agentic-sdlc/scaffold-agent:test: 
@agentic-sdlc/scaffold-agent:test:  â¯ tests/scaffold-agent.test.ts:167:29
@agentic-sdlc/scaffold-agent:test:     165|       const result = await agent.execute(task);
@agentic-sdlc/scaffold-agent:test:     166| 
@agentic-sdlc/scaffold-agent:test:     167|       expect(result.status).toBe('failure');
@agentic-sdlc/scaffold-agent:test:        |                             ^
@agentic-sdlc/scaffold-agent:test:     168|       expect(result.errors).toBeDefined();
@agentic-sdlc/scaffold-agent:test:     169|     });
@agentic-sdlc/scaffold-agent:test: 
@agentic-sdlc/scaffold-agent:test: âŽ¯âŽ¯âŽ¯âŽ¯âŽ¯âŽ¯âŽ¯âŽ¯âŽ¯âŽ¯âŽ¯âŽ¯âŽ¯âŽ¯âŽ¯âŽ¯âŽ¯âŽ¯âŽ¯âŽ¯âŽ¯âŽ¯âŽ¯âŽ¯[4/8]âŽ¯
@agentic-sdlc/scaffold-agent:test: 
@agentic-sdlc/scaffold-agent:test:  FAIL  tests/scaffold-agent.test.ts > ScaffoldAgent > Contract generation > should generate Zod schemas from contracts
@agentic-sdlc/scaffold-agent:test: TypeError: Cannot read properties of undefined (reading 'some')
@agentic-sdlc/scaffold-agent:test:  â¯ tests/scaffold-agent.test.ts:350:53
@agentic-sdlc/scaffold-agent:test:     348| 
@agentic-sdlc/scaffold-agent:test:     349|       expect(result.status).toBe('success');
@agentic-sdlc/scaffold-agent:test:     350|       expect((result.output as any).structure.files.some(
@agentic-sdlc/scaffold-agent:test:        |                                                     ^
@agentic-sdlc/scaffold-agent:test:     351|         (f: any) => f.path.includes('types')
@agentic-sdlc/scaffold-agent:test:     352|       )).toBe(true);
@agentic-sdlc/scaffold-agent:test: 
@agentic-sdlc/scaffold-agent:test: âŽ¯âŽ¯âŽ¯âŽ¯âŽ¯âŽ¯âŽ¯âŽ¯âŽ¯âŽ¯âŽ¯âŽ¯âŽ¯âŽ¯âŽ¯âŽ¯âŽ¯âŽ¯âŽ¯âŽ¯âŽ¯âŽ¯âŽ¯âŽ¯[5/8]âŽ¯
@agentic-sdlc/scaffold-agent:test: 
@agentic-sdlc/scaffold-agent:test:  FAIL  tests/scaffold-agent.test.ts > ScaffoldAgent > Test generation > should generate test files when generate_tests is true
@agentic-sdlc/scaffold-agent:test: TypeError: Cannot read properties of undefined (reading 'some')
@agentic-sdlc/scaffold-agent:test:  â¯ tests/scaffold-agent.test.ts:390:53
@agentic-sdlc/scaffold-agent:test:     388| 
@agentic-sdlc/scaffold-agent:test:     389|       expect(result.status).toBe('success');
@agentic-sdlc/scaffold-agent:test:     390|       expect((result.output as any).structure.files.some(
@agentic-sdlc/scaffold-agent:test:        |                                                     ^
@agentic-sdlc/scaffold-agent:test:     391|         (f: any) => f.type === 'test'
@agentic-sdlc/scaffold-agent:test:     392|       )).toBe(true);
@agentic-sdlc/scaffold-agent:test: 
@agentic-sdlc/scaffold-agent:test: âŽ¯âŽ¯âŽ¯âŽ¯âŽ¯âŽ¯âŽ¯âŽ¯âŽ¯âŽ¯âŽ¯âŽ¯âŽ¯âŽ¯âŽ¯âŽ¯âŽ¯âŽ¯âŽ¯âŽ¯âŽ¯âŽ¯âŽ¯âŽ¯[6/8]âŽ¯
@agentic-sdlc/scaffold-agent:test: 
@agentic-sdlc/scaffold-agent:test:  FAIL  tests/scaffold-agent.test.ts > ScaffoldAgent > Test generation > should skip test files when generate_tests is false
@agentic-sdlc/scaffold-agent:test: TypeError: Cannot read properties of undefined (reading 'every')
@agentic-sdlc/scaffold-agent:test:  â¯ tests/scaffold-agent.test.ts:428:53
@agentic-sdlc/scaffold-agent:test:     426| 
@agentic-sdlc/scaffold-agent:test:     427|       expect(result.status).toBe('success');
@agentic-sdlc/scaffold-agent:test:     428|       expect((result.output as any).structure.files.every(
@agentic-sdlc/scaffold-agent:test:        |                                                     ^
@agentic-sdlc/scaffold-agent:test:     429|         (f: any) => f.type !== 'test'
@agentic-sdlc/scaffold-agent:test:     430|       )).toBe(true);
@agentic-sdlc/scaffold-agent:test: 
@agentic-sdlc/scaffold-agent:test: âŽ¯âŽ¯âŽ¯âŽ¯âŽ¯âŽ¯âŽ¯âŽ¯âŽ¯âŽ¯âŽ¯âŽ¯âŽ¯âŽ¯âŽ¯âŽ¯âŽ¯âŽ¯âŽ¯âŽ¯âŽ¯âŽ¯âŽ¯âŽ¯[7/8]âŽ¯
@agentic-sdlc/scaffold-agent:test: 
@agentic-sdlc/scaffold-agent:test:  FAIL  tests/scaffold-agent.test.ts > ScaffoldAgent > Metrics collection > should collect execution metrics
@agentic-sdlc/scaffold-agent:test: TypeError: actual value must be number or bigint, received "undefined"
@agentic-sdlc/scaffold-agent:test:  â¯ tests/scaffold-agent.test.ts:467:45
@agentic-sdlc/scaffold-agent:test:     465|       expect(result.metrics).toBeDefined();
@agentic-sdlc/scaffold-agent:test:     466|       expect(result.metrics!.duration_ms).toBeGreaterThan(0);
@agentic-sdlc/scaffold-agent:test:     467|       expect(result.metrics!.files_created).toBeGreaterThanOrEqual(0);
@agentic-sdlc/scaffold-agent:test:        |                                             ^
@agentic-sdlc/scaffold-agent:test:     468|       expect(result.metrics!.directories_created).toBeGreaterThanOrEquâ€¦
@agentic-sdlc/scaffold-agent:test:     469|     });
@agentic-sdlc/scaffold-agent:test: 
@agentic-sdlc/scaffold-agent:test: âŽ¯âŽ¯âŽ¯âŽ¯âŽ¯âŽ¯âŽ¯âŽ¯âŽ¯âŽ¯âŽ¯âŽ¯âŽ¯âŽ¯âŽ¯âŽ¯âŽ¯âŽ¯âŽ¯âŽ¯âŽ¯âŽ¯âŽ¯âŽ¯[8/8]âŽ¯
@agentic-sdlc/scaffold-agent:test: 
@agentic-sdlc/scaffold-agent:test:  Test Files  1 failed | 2 passed (3)
@agentic-sdlc/scaffold-agent:test:       Tests  8 failed | 38 passed | 5 skipped (51)
@agentic-sdlc/scaffold-agent:test:    Start at  16:34:32
@agentic-sdlc/scaffold-agent:test:    Duration  988ms (transform 160ms, setup 0ms, collect 482ms, tests 392ms, environment 0ms, prepare 416ms)
@agentic-sdlc/scaffold-agent:test: 
@agentic-sdlc/scaffold-agent:test: 
@agentic-sdlc/scaffold-agent:test:  FAIL  Tests failed. Watching for file changes...
@agentic-sdlc/scaffold-agent:test:        press h to show help, press q to quit
@agentic-sdlc/orchestrator:test:  â¯ tests/services/agent-dispatcher.service.test.ts  (32 tests | 4 failed) 1972ms
@agentic-sdlc/orchestrator:test:    â¯ tests/services/agent-dispatcher.service.test.ts > AgentDispatcherService > Result Handling > should auto-remove handler after success status
@agentic-sdlc/orchestrator:test:      â†’ expected true to be false // Object.is equality
@agentic-sdlc/orchestrator:test:    â¯ tests/services/agent-dispatcher.service.test.ts > AgentDispatcherService > Result Handling > should auto-remove handler after failure status
@agentic-sdlc/orchestrator:test:      â†’ expected true to be false // Object.is equality
@agentic-sdlc/orchestrator:test:    â¯ tests/services/agent-dispatcher.service.test.ts > AgentDispatcherService > Real-world Scenarios > should handle complete workflow lifecycle
@agentic-sdlc/orchestrator:test:      â†’ expected true to be false // Object.is equality
@agentic-sdlc/orchestrator:test:    â¯ tests/services/agent-dispatcher.service.test.ts > AgentDispatcherService > Real-world Scenarios > should handle multiple concurrent workflows
@agentic-sdlc/orchestrator:test:      â†’ expected 3 to be +0 // Object.is equality
@agentic-sdlc/deployment-agent:test:  â¯ src/__tests__/services/health-check.service.test.ts  (5 tests | 1 failed) 10037ms
@agentic-sdlc/deployment-agent:test:    â¯ src/__tests__/services/health-check.service.test.ts > HealthCheckService > checkEndpoint > should return healthy for 200 status
@agentic-sdlc/deployment-agent:test:      â†’ expected 0 to be greater than 0
@agentic-sdlc/deployment-agent:test:  â¯ src/__tests__/services/ecs.service.test.ts  (7 tests | 1 failed) 10009ms
@agentic-sdlc/deployment-agent:test:    â¯ src/__tests__/services/ecs.service.test.ts > ECSService > waitForServiceStable > should throw error on timeout
@agentic-sdlc/deployment-agent:test:      â†’ Test timed out in 10000ms.
@agentic-sdlc/deployment-agent:test: If this is a long-running test, pass a timeout value as the last argument or configure it globally with "testTimeout".
@agentic-sdlc/deployment-agent:test: 
@agentic-sdlc/deployment-agent:test: âŽ¯âŽ¯âŽ¯âŽ¯âŽ¯âŽ¯âŽ¯ Failed Tests 8 âŽ¯âŽ¯âŽ¯âŽ¯âŽ¯âŽ¯âŽ¯
@agentic-sdlc/deployment-agent:test: 
@agentic-sdlc/deployment-agent:test:  FAIL  src/__tests__/deployment-agent.test.ts > DeploymentAgent > executeTask > should handle build_docker_image task successfully
@agentic-sdlc/deployment-agent:test:  FAIL  src/__tests__/deployment-agent.test.ts > DeploymentAgent > executeTask > should handle push_to_ecr task successfully
@agentic-sdlc/deployment-agent:test:  FAIL  src/__tests__/deployment-agent.test.ts > DeploymentAgent > executeTask > should handle health_check task successfully
@agentic-sdlc/deployment-agent:test:  FAIL  src/__tests__/deployment-agent.test.ts > DeploymentAgent > executeTask > should handle rollback_deployment task successfully
@agentic-sdlc/deployment-agent:test:  FAIL  src/__tests__/deployment-agent.test.ts > DeploymentAgent > executeTask > should throw error for unknown action
@agentic-sdlc/deployment-agent:test:  FAIL  src/__tests__/deployment-agent.test.ts > DeploymentAgent > cleanup > should cleanup resources
@agentic-sdlc/deployment-agent:test: AgentError: ANTHROPIC_API_KEY not configured
@agentic-sdlc/deployment-agent:test:  â¯ new BaseAgent ../base-agent/src/base-agent.ts:53:13
@agentic-sdlc/deployment-agent:test:  â¯ new DeploymentAgent src/deployment-agent.ts:31:5
@agentic-sdlc/deployment-agent:test:      29| 
@agentic-sdlc/deployment-agent:test:      30|   constructor() {
@agentic-sdlc/deployment-agent:test:      31|     super({
@agentic-sdlc/deployment-agent:test:        |     ^
@agentic-sdlc/deployment-agent:test:      32|       type: 'deployment',
@agentic-sdlc/deployment-agent:test:      33|       version: '1.0.0',
@agentic-sdlc/deployment-agent:test:  â¯ src/__tests__/deployment-agent.test.ts:25:13
@agentic-sdlc/deployment-agent:test: 
@agentic-sdlc/deployment-agent:test: âŽ¯âŽ¯âŽ¯âŽ¯âŽ¯âŽ¯âŽ¯âŽ¯âŽ¯âŽ¯âŽ¯âŽ¯âŽ¯âŽ¯âŽ¯âŽ¯âŽ¯âŽ¯âŽ¯âŽ¯âŽ¯âŽ¯âŽ¯âŽ¯âŽ¯âŽ¯âŽ¯âŽ¯âŽ¯âŽ¯
@agentic-sdlc/deployment-agent:test: Serialized Error: { code: 'CONFIG_ERROR' }
@agentic-sdlc/deployment-agent:test: âŽ¯âŽ¯âŽ¯âŽ¯âŽ¯âŽ¯âŽ¯âŽ¯âŽ¯âŽ¯âŽ¯âŽ¯âŽ¯âŽ¯âŽ¯âŽ¯âŽ¯âŽ¯âŽ¯âŽ¯âŽ¯âŽ¯âŽ¯âŽ¯[1/8]âŽ¯
@agentic-sdlc/deployment-agent:test: 
@agentic-sdlc/deployment-agent:test:  FAIL  src/__tests__/services/ecs.service.test.ts > ECSService > waitForServiceStable > should throw error on timeout
@agentic-sdlc/deployment-agent:test: Error: Test timed out in 10000ms.
@agentic-sdlc/deployment-agent:test: If this is a long-running test, pass a timeout value as the last argument or configure it globally with "testTimeout".
@agentic-sdlc/deployment-agent:test: âŽ¯âŽ¯âŽ¯âŽ¯âŽ¯âŽ¯âŽ¯âŽ¯âŽ¯âŽ¯âŽ¯âŽ¯âŽ¯âŽ¯âŽ¯âŽ¯âŽ¯âŽ¯âŽ¯âŽ¯âŽ¯âŽ¯âŽ¯âŽ¯[2/8]âŽ¯
@agentic-sdlc/deployment-agent:test: 
@agentic-sdlc/deployment-agent:test:  FAIL  src/__tests__/services/health-check.service.test.ts > HealthCheckService > checkEndpoint > should return healthy for 200 status
@agentic-sdlc/deployment-agent:test: AssertionError: expected 0 to be greater than 0
@agentic-sdlc/deployment-agent:test:  â¯ src/__tests__/services/health-check.service.test.ts:40:35
@agentic-sdlc/deployment-agent:test:      38|       expect(result.healthy).toBe(true);
@agentic-sdlc/deployment-agent:test:      39|       expect(result.statusCode).toBe(200);
@agentic-sdlc/deployment-agent:test:      40|       expect(result.responseTime).toBeGreaterThan(0);
@agentic-sdlc/deployment-agent:test:        |                                   ^
@agentic-sdlc/deployment-agent:test:      41|     });
@agentic-sdlc/deployment-agent:test:      42| 
@agentic-sdlc/deployment-agent:test: 
@agentic-sdlc/deployment-agent:test: âŽ¯âŽ¯âŽ¯âŽ¯âŽ¯âŽ¯âŽ¯âŽ¯âŽ¯âŽ¯âŽ¯âŽ¯âŽ¯âŽ¯âŽ¯âŽ¯âŽ¯âŽ¯âŽ¯âŽ¯âŽ¯âŽ¯âŽ¯âŽ¯[3/8]âŽ¯
@agentic-sdlc/deployment-agent:test: 
@agentic-sdlc/deployment-agent:test:  Test Files  3 failed (3)
@agentic-sdlc/deployment-agent:test:       Tests  8 failed | 10 passed (18)
@agentic-sdlc/deployment-agent:test:    Start at  16:34:32
@agentic-sdlc/deployment-agent:test:    Duration  10.57s (transform 124ms, setup 0ms, collect 647ms, tests 20.05s, environment 0ms, prepare 350ms)
@agentic-sdlc/deployment-agent:test: 
@agentic-sdlc/deployment-agent:test: 
@agentic-sdlc/deployment-agent:test:  FAIL  Tests failed. Watching for file changes...
@agentic-sdlc/deployment-agent:test:        press h to show help, press q to quit
@agentic-sdlc/integration-agent:test: [3Jc
@agentic-sdlc/integration-agent:test:  RERUN  src/__tests__/services/git.service.test.ts x1
@agentic-sdlc/integration-agent:test: 
@agentic-sdlc/integration-agent:test:  â¯ src/__tests__/services/git.service.test.ts  (18 tests | 1 failed) 9ms
@agentic-sdlc/integration-agent:test:    â¯ src/__tests__/services/git.service.test.ts > GitService > applyResolution > should write resolved content and stage file
@agentic-sdlc/integration-agent:test:      â†’ expected "spy" to be called with arguments: [ â€¦(3) ]
@agentic-sdlc/integration-agent:test: 
@agentic-sdlc/integration-agent:test: Received: 
@agentic-sdlc/integration-agent:test: 
@agentic-sdlc/integration-agent:test: 
@agentic-sdlc/integration-agent:test: 
@agentic-sdlc/integration-agent:test: Number of calls: 0
@agentic-sdlc/integration-agent:test: 
@agentic-sdlc/integration-agent:test: 
@agentic-sdlc/integration-agent:test: âŽ¯âŽ¯âŽ¯âŽ¯âŽ¯âŽ¯âŽ¯ Failed Tests 1 âŽ¯âŽ¯âŽ¯âŽ¯âŽ¯âŽ¯âŽ¯
@agentic-sdlc/integration-agent:test: 
@agentic-sdlc/integration-agent:test:  FAIL  src/__tests__/services/git.service.test.ts > GitService > applyResolution > should write resolved content and stage file
@agentic-sdlc/integration-agent:test: AssertionError: expected "spy" to be called with arguments: [ â€¦(3) ]
@agentic-sdlc/integration-agent:test: 
@agentic-sdlc/integration-agent:test: Received: 
@agentic-sdlc/integration-agent:test: 
@agentic-sdlc/integration-agent:test: 
@agentic-sdlc/integration-agent:test: 
@agentic-sdlc/integration-agent:test: Number of calls: 0
@agentic-sdlc/integration-agent:test: 
@agentic-sdlc/integration-agent:test:  â¯ src/__tests__/services/git.service.test.ts:174:25
@agentic-sdlc/integration-agent:test:     172|       await gitService.applyResolution('src/index.ts', 'resolved code'â€¦
@agentic-sdlc/integration-agent:test:     173| 
@agentic-sdlc/integration-agent:test:     174|       expect(writeFile).toHaveBeenCalledWith(
@agentic-sdlc/integration-agent:test:        |                         ^
@agentic-sdlc/integration-agent:test:     175|         expect.stringContaining('src/index.ts'),
@agentic-sdlc/integration-agent:test:     176|         'resolved code',
@agentic-sdlc/integration-agent:test: 
@agentic-sdlc/integration-agent:test: âŽ¯âŽ¯âŽ¯âŽ¯âŽ¯âŽ¯âŽ¯âŽ¯âŽ¯âŽ¯âŽ¯âŽ¯âŽ¯âŽ¯âŽ¯âŽ¯âŽ¯âŽ¯âŽ¯âŽ¯âŽ¯âŽ¯âŽ¯âŽ¯[1/1]âŽ¯
@agentic-sdlc/integration-agent:test: 
@agentic-sdlc/integration-agent:test:  Test Files  1 failed (1)
@agentic-sdlc/integration-agent:test:       Tests  1 failed | 17 passed (18)
@agentic-sdlc/integration-agent:test:    Start at  16:34:56
@agentic-sdlc/integration-agent:test:    Duration  19ms
@agentic-sdlc/integration-agent:test: 
@agentic-sdlc/integration-agent:test: 
@agentic-sdlc/integration-agent:test:  FAIL  Tests failed. Watching for file changes...
@agentic-sdlc/integration-agent:test:        press h to show help, press q to quit
@agentic-sdlc/integration-agent:test:        rerun x1
@agentic-sdlc/orchestrator:test:  â¯ src/hexagonal/__tests__/integration.test.ts  (28 tests) 30029ms
@agentic-sdlc/orchestrator:test:  â¯ src/hexagonal/__tests__/smoke.test.ts  (15 tests) 30025ms
@agentic-sdlc/orchestrator:test: 
@agentic-sdlc/orchestrator:test: âŽ¯âŽ¯âŽ¯âŽ¯âŽ¯âŽ¯ Failed Suites 4 âŽ¯âŽ¯âŽ¯âŽ¯âŽ¯âŽ¯âŽ¯
@agentic-sdlc/orchestrator:test: 
@agentic-sdlc/orchestrator:test:  FAIL  tests/e2e/full-workflow.test.ts [ tests/e2e/full-workflow.test.ts ]
@agentic-sdlc/orchestrator:test: Error: Failed to load url ../../src/state-machine/state-machine (resolved id: ../../src/state-machine/state-machine) in /Users/Greg/Projects/apps/zyp/agent-sdlc/packages/orchestrator/tests/e2e/full-workflow.test.ts. Does the file exist?
@agentic-sdlc/orchestrator:test:  â¯ loadAndTransform ../../node_modules/.pnpm/vite@5.4.21_@types+node@20.19.24/node_modules/vite/dist/node/chunks/dep-BK3b2jBa.js:51969:17
@agentic-sdlc/orchestrator:test: 
@agentic-sdlc/orchestrator:test: âŽ¯âŽ¯âŽ¯âŽ¯âŽ¯âŽ¯âŽ¯âŽ¯âŽ¯âŽ¯âŽ¯âŽ¯âŽ¯âŽ¯âŽ¯âŽ¯âŽ¯âŽ¯âŽ¯âŽ¯âŽ¯âŽ¯âŽ¯[1/18]âŽ¯
@agentic-sdlc/orchestrator:test: 
@agentic-sdlc/orchestrator:test:  FAIL  tests/e2e/scaffold-happy-path.test.ts [ tests/e2e/scaffold-happy-path.test.ts ]
@agentic-sdlc/orchestrator:test: Error: Vitest cannot be imported in a CommonJS module using require(). Please use "import" instead.
@agentic-sdlc/orchestrator:test: 
@agentic-sdlc/orchestrator:test: If you are using "import" in your source code, then it's possible it was bundled into require() automatically by your bundler. In that case, do not bundle CommonJS output since it will never work with Vitest, or use dynamic import() which is available in all CommonJS modules.
@agentic-sdlc/orchestrator:test:  â¯ Object.<anonymous> ../../node_modules/.pnpm/vitest@1.6.1_@types+node@20.19.24/node_modules/vitest/index.cjs:1:7
@agentic-sdlc/orchestrator:test:  â¯ TracingChannel.traceSync node:diagnostics_channel:322:14
@agentic-sdlc/orchestrator:test:  â¯ Object.<anonymous> ../shared/test-utils/src/mocks/redis.mock.ts:1:1
@agentic-sdlc/orchestrator:test: 
@agentic-sdlc/orchestrator:test: âŽ¯âŽ¯âŽ¯âŽ¯âŽ¯âŽ¯âŽ¯âŽ¯âŽ¯âŽ¯âŽ¯âŽ¯âŽ¯âŽ¯âŽ¯âŽ¯âŽ¯âŽ¯âŽ¯âŽ¯âŽ¯âŽ¯âŽ¯[2/18]âŽ¯
@agentic-sdlc/orchestrator:test: 
@agentic-sdlc/orchestrator:test:  FAIL  src/hexagonal/__tests__/integration.test.ts > Hexagonal Architecture Integration Tests
@agentic-sdlc/orchestrator:test:  FAIL  src/hexagonal/__tests__/smoke.test.ts > Hexagonal Framework - Smoke Tests
@agentic-sdlc/orchestrator:test: Error: Hook timed out in 30000ms.
@agentic-sdlc/orchestrator:test: If this is a long-running hook, pass a timeout value as the last argument or configure it globally with "hookTimeout".
@agentic-sdlc/orchestrator:test: âŽ¯âŽ¯âŽ¯âŽ¯âŽ¯âŽ¯âŽ¯âŽ¯âŽ¯âŽ¯âŽ¯âŽ¯âŽ¯âŽ¯âŽ¯âŽ¯âŽ¯âŽ¯âŽ¯âŽ¯âŽ¯âŽ¯âŽ¯[3/18]âŽ¯
@agentic-sdlc/orchestrator:test: 
@agentic-sdlc/orchestrator:test:  FAIL  src/hexagonal/__tests__/integration.test.ts > Hexagonal Architecture Integration Tests
@agentic-sdlc/orchestrator:test: TypeError: Cannot read properties of undefined (reading 'disconnect')
@agentic-sdlc/orchestrator:test:  â¯ src/hexagonal/__tests__/integration.test.ts:56:15
@agentic-sdlc/orchestrator:test:      54|     log.info('Tearing down integration tests');
@agentic-sdlc/orchestrator:test:      55|     // Disconnect adapters
@agentic-sdlc/orchestrator:test:      56|     await bus.disconnect();
@agentic-sdlc/orchestrator:test:        |               ^
@agentic-sdlc/orchestrator:test:      57|     await kv.disconnect();
@agentic-sdlc/orchestrator:test:      58|     // Disconnect Redis suite
@agentic-sdlc/orchestrator:test: 
@agentic-sdlc/orchestrator:test: âŽ¯âŽ¯âŽ¯âŽ¯âŽ¯âŽ¯âŽ¯âŽ¯âŽ¯âŽ¯âŽ¯âŽ¯âŽ¯âŽ¯âŽ¯âŽ¯âŽ¯âŽ¯âŽ¯âŽ¯âŽ¯âŽ¯âŽ¯[4/18]âŽ¯
@agentic-sdlc/orchestrator:test: 
@agentic-sdlc/orchestrator:test:  FAIL  src/hexagonal/__tests__/smoke.test.ts > Hexagonal Framework - Smoke Tests
@agentic-sdlc/orchestrator:test: TypeError: Cannot read properties of undefined (reading 'shutdown')
@agentic-sdlc/orchestrator:test:  â¯ src/hexagonal/__tests__/smoke.test.ts:37:21
@agentic-sdlc/orchestrator:test:      35|   afterAll(async () => {
@agentic-sdlc/orchestrator:test:      36|     log.info('Shutting down container');
@agentic-sdlc/orchestrator:test:      37|     await container.shutdown();
@agentic-sdlc/orchestrator:test:        |                     ^
@agentic-sdlc/orchestrator:test:      38|   });
@agentic-sdlc/orchestrator:test:      39| 
@agentic-sdlc/orchestrator:test: 
@agentic-sdlc/orchestrator:test: âŽ¯âŽ¯âŽ¯âŽ¯âŽ¯âŽ¯âŽ¯âŽ¯âŽ¯âŽ¯âŽ¯âŽ¯âŽ¯âŽ¯âŽ¯âŽ¯âŽ¯âŽ¯âŽ¯âŽ¯âŽ¯âŽ¯âŽ¯[5/18]âŽ¯
@agentic-sdlc/orchestrator:test: 
@agentic-sdlc/orchestrator:test: âŽ¯âŽ¯âŽ¯âŽ¯âŽ¯âŽ¯ Failed Tests 12 âŽ¯âŽ¯âŽ¯âŽ¯âŽ¯âŽ¯âŽ¯
@agentic-sdlc/orchestrator:test: 
@agentic-sdlc/orchestrator:test:  FAIL  tests/simple-happy-path.test.ts > Milestone 1: Simple Happy Path Validation > should support type branding for IDs
@agentic-sdlc/orchestrator:test: AssertionError: expected false to be true // Object.is equality
@agentic-sdlc/orchestrator:test: 
@agentic-sdlc/orchestrator:test: - Expected
@agentic-sdlc/orchestrator:test: + Received
@agentic-sdlc/orchestrator:test: 
@agentic-sdlc/orchestrator:test: - true
@agentic-sdlc/orchestrator:test: + false
@agentic-sdlc/orchestrator:test: 
@agentic-sdlc/orchestrator:test:  â¯ tests/simple-happy-path.test.ts:123:32
@agentic-sdlc/orchestrator:test:     121|     // Type guards should work
@agentic-sdlc/orchestrator:test:     122|     expect(isWorkflowId(workflowId)).toBe(true);
@agentic-sdlc/orchestrator:test:     123|     expect(isAgentId(agentId)).toBe(true);
@agentic-sdlc/orchestrator:test:        |                                ^
@agentic-sdlc/orchestrator:test:     124|     expect(isTaskId(taskId)).toBe(true);
@agentic-sdlc/orchestrator:test:     125| 
@agentic-sdlc/orchestrator:test: 
@agentic-sdlc/orchestrator:test: âŽ¯âŽ¯âŽ¯âŽ¯âŽ¯âŽ¯âŽ¯âŽ¯âŽ¯âŽ¯âŽ¯âŽ¯âŽ¯âŽ¯âŽ¯âŽ¯âŽ¯âŽ¯âŽ¯âŽ¯âŽ¯âŽ¯âŽ¯[6/18]âŽ¯
@agentic-sdlc/orchestrator:test: 
@agentic-sdlc/orchestrator:test:  FAIL  tests/simple-happy-path.test.ts > Milestone 1: Simple Happy Path Validation > should handle workflow state transitions
@agentic-sdlc/orchestrator:test: AssertionError: expected [Function] to throw an error
@agentic-sdlc/orchestrator:test:  â¯ tests/simple-happy-path.test.ts:161:8
@agentic-sdlc/orchestrator:test:     159|     expect(() => {
@agentic-sdlc/orchestrator:test:     160|       SchemaRegistry.validate('workflow', workflow);
@agentic-sdlc/orchestrator:test:     161|     }).toThrow();
@agentic-sdlc/orchestrator:test:        |        ^
@agentic-sdlc/orchestrator:test:     162|   });
@agentic-sdlc/orchestrator:test:     163| });
@agentic-sdlc/orchestrator:test: 
@agentic-sdlc/orchestrator:test: âŽ¯âŽ¯âŽ¯âŽ¯âŽ¯âŽ¯âŽ¯âŽ¯âŽ¯âŽ¯âŽ¯âŽ¯âŽ¯âŽ¯âŽ¯âŽ¯âŽ¯âŽ¯âŽ¯âŽ¯âŽ¯âŽ¯âŽ¯[7/18]âŽ¯
@agentic-sdlc/orchestrator:test: 
@agentic-sdlc/orchestrator:test:  FAIL  tests/api/workflow.routes.test.ts > Workflow API Routes > POST /api/v1/workflows > should create a new workflow
@agentic-sdlc/orchestrator:test: AssertionError: expected 400 to be 200 // Object.is equality
@agentic-sdlc/orchestrator:test: 
@agentic-sdlc/orchestrator:test: - Expected
@agentic-sdlc/orchestrator:test: + Received
@agentic-sdlc/orchestrator:test: 
@agentic-sdlc/orchestrator:test: - 200
@agentic-sdlc/orchestrator:test: + 400
@agentic-sdlc/orchestrator:test: 
@agentic-sdlc/orchestrator:test:  â¯ tests/api/workflow.routes.test.ts:47:35
@agentic-sdlc/orchestrator:test:      45|       });
@agentic-sdlc/orchestrator:test:      46| 
@agentic-sdlc/orchestrator:test:      47|       expect(response.statusCode).toBe(200);
@agentic-sdlc/orchestrator:test:        |                                   ^
@agentic-sdlc/orchestrator:test:      48|       const body = JSON.parse(response.body);
@agentic-sdlc/orchestrator:test:      49|       expect(body.workflow_id).toBe('test-workflow-id');
@agentic-sdlc/orchestrator:test: 
@agentic-sdlc/orchestrator:test: âŽ¯âŽ¯âŽ¯âŽ¯âŽ¯âŽ¯âŽ¯âŽ¯âŽ¯âŽ¯âŽ¯âŽ¯âŽ¯âŽ¯âŽ¯âŽ¯âŽ¯âŽ¯âŽ¯âŽ¯âŽ¯âŽ¯âŽ¯[8/18]âŽ¯
@agentic-sdlc/orchestrator:test: 
@agentic-sdlc/orchestrator:test:  FAIL  tests/api/workflow.routes.test.ts > Workflow API Routes > POST /api/v1/workflows > should handle service errors
@agentic-sdlc/orchestrator:test: AssertionError: expected 400 to be 500 // Object.is equality
@agentic-sdlc/orchestrator:test: 
@agentic-sdlc/orchestrator:test: - Expected
@agentic-sdlc/orchestrator:test: + Received
@agentic-sdlc/orchestrator:test: 
@agentic-sdlc/orchestrator:test: - 500
@agentic-sdlc/orchestrator:test: + 400
@agentic-sdlc/orchestrator:test: 
@agentic-sdlc/orchestrator:test:  â¯ tests/api/workflow.routes.test.ts:88:35
@agentic-sdlc/orchestrator:test:      86|       });
@agentic-sdlc/orchestrator:test:      87| 
@agentic-sdlc/orchestrator:test:      88|       expect(response.statusCode).toBe(500);
@agentic-sdlc/orchestrator:test:        |                                   ^
@agentic-sdlc/orchestrator:test:      89|       const body = JSON.parse(response.body);
@agentic-sdlc/orchestrator:test:      90|       expect(body.error).toBe('Internal server error');
@agentic-sdlc/orchestrator:test: 
@agentic-sdlc/orchestrator:test: âŽ¯âŽ¯âŽ¯âŽ¯âŽ¯âŽ¯âŽ¯âŽ¯âŽ¯âŽ¯âŽ¯âŽ¯âŽ¯âŽ¯âŽ¯âŽ¯âŽ¯âŽ¯âŽ¯âŽ¯âŽ¯âŽ¯âŽ¯[9/18]âŽ¯
@agentic-sdlc/orchestrator:test: 
@agentic-sdlc/orchestrator:test:  FAIL  tests/services/agent-dispatcher.service.test.ts > AgentDispatcherService > Result Handling > should auto-remove handler after success status
@agentic-sdlc/orchestrator:test: AssertionError: expected true to be false // Object.is equality
@agentic-sdlc/orchestrator:test: 
@agentic-sdlc/orchestrator:test: - Expected
@agentic-sdlc/orchestrator:test: + Received
@agentic-sdlc/orchestrator:test: 
@agentic-sdlc/orchestrator:test: - false
@agentic-sdlc/orchestrator:test: + true
@agentic-sdlc/orchestrator:test: 
@agentic-sdlc/orchestrator:test:  â¯ tests/services/agent-dispatcher.service.test.ts:220:40
@agentic-sdlc/orchestrator:test:     218| 
@agentic-sdlc/orchestrator:test:     219|       const handlers = (service as any).resultHandlers;
@agentic-sdlc/orchestrator:test:     220|       expect(handlers.has(workflowId)).toBe(false);
@agentic-sdlc/orchestrator:test:        |                                        ^
@agentic-sdlc/orchestrator:test:     221|     });
@agentic-sdlc/orchestrator:test:     222| 
@agentic-sdlc/orchestrator:test: 
@agentic-sdlc/orchestrator:test: âŽ¯âŽ¯âŽ¯âŽ¯âŽ¯âŽ¯âŽ¯âŽ¯âŽ¯âŽ¯âŽ¯âŽ¯âŽ¯âŽ¯âŽ¯âŽ¯âŽ¯âŽ¯âŽ¯âŽ¯âŽ¯âŽ¯[10/18]âŽ¯
@agentic-sdlc/orchestrator:test: 
@agentic-sdlc/orchestrator:test:  FAIL  tests/services/agent-dispatcher.service.test.ts > AgentDispatcherService > Result Handling > should auto-remove handler after failure status
@agentic-sdlc/orchestrator:test: AssertionError: expected true to be false // Object.is equality
@agentic-sdlc/orchestrator:test: 
@agentic-sdlc/orchestrator:test: - Expected
@agentic-sdlc/orchestrator:test: + Received
@agentic-sdlc/orchestrator:test: 
@agentic-sdlc/orchestrator:test: - false
@agentic-sdlc/orchestrator:test: + true
@agentic-sdlc/orchestrator:test: 
@agentic-sdlc/orchestrator:test:  â¯ tests/services/agent-dispatcher.service.test.ts:239:40
@agentic-sdlc/orchestrator:test:     237| 
@agentic-sdlc/orchestrator:test:     238|       const handlers = (service as any).resultHandlers;
@agentic-sdlc/orchestrator:test:     239|       expect(handlers.has(workflowId)).toBe(false);
@agentic-sdlc/orchestrator:test:        |                                        ^
@agentic-sdlc/orchestrator:test:     240|     });
@agentic-sdlc/orchestrator:test:     241| 
@agentic-sdlc/orchestrator:test: 
@agentic-sdlc/orchestrator:test: âŽ¯âŽ¯âŽ¯âŽ¯âŽ¯âŽ¯âŽ¯âŽ¯âŽ¯âŽ¯âŽ¯âŽ¯âŽ¯âŽ¯âŽ¯âŽ¯âŽ¯âŽ¯âŽ¯âŽ¯âŽ¯âŽ¯[11/18]âŽ¯
@agentic-sdlc/orchestrator:test: 
@agentic-sdlc/orchestrator:test:  FAIL  tests/services/agent-dispatcher.service.test.ts > AgentDispatcherService > Real-world Scenarios > should handle complete workflow lifecycle
@agentic-sdlc/orchestrator:test: AssertionError: expected true to be false // Object.is equality
@agentic-sdlc/orchestrator:test: 
@agentic-sdlc/orchestrator:test: - Expected
@agentic-sdlc/orchestrator:test: + Received
@agentic-sdlc/orchestrator:test: 
@agentic-sdlc/orchestrator:test: - false
@agentic-sdlc/orchestrator:test: + true
@agentic-sdlc/orchestrator:test: 
@agentic-sdlc/orchestrator:test:  â¯ tests/services/agent-dispatcher.service.test.ts:610:40
@agentic-sdlc/orchestrator:test:     608|       // Handler should be auto-removed after success
@agentic-sdlc/orchestrator:test:     609|       const handlers = (service as any).resultHandlers;
@agentic-sdlc/orchestrator:test:     610|       expect(handlers.has(workflowId)).toBe(false);
@agentic-sdlc/orchestrator:test:        |                                        ^
@agentic-sdlc/orchestrator:test:     611|     });
@agentic-sdlc/orchestrator:test:     612| 
@agentic-sdlc/orchestrator:test: 
@agentic-sdlc/orchestrator:test: âŽ¯âŽ¯âŽ¯âŽ¯âŽ¯âŽ¯âŽ¯âŽ¯âŽ¯âŽ¯âŽ¯âŽ¯âŽ¯âŽ¯âŽ¯âŽ¯âŽ¯âŽ¯âŽ¯âŽ¯âŽ¯âŽ¯[12/18]âŽ¯
@agentic-sdlc/orchestrator:test: 
@agentic-sdlc/orchestrator:test:  FAIL  tests/services/agent-dispatcher.service.test.ts > AgentDispatcherService > Real-world Scenarios > should handle multiple concurrent workflows
@agentic-sdlc/orchestrator:test: AssertionError: expected 3 to be +0 // Object.is equality
@agentic-sdlc/orchestrator:test: 
@agentic-sdlc/orchestrator:test: - Expected
@agentic-sdlc/orchestrator:test: + Received
@agentic-sdlc/orchestrator:test: 
@agentic-sdlc/orchestrator:test: - 0
@agentic-sdlc/orchestrator:test: + 3
@agentic-sdlc/orchestrator:test: 
@agentic-sdlc/orchestrator:test:  â¯ tests/services/agent-dispatcher.service.test.ts:677:29
@agentic-sdlc/orchestrator:test:     675|       // All handlers should be removed after success
@agentic-sdlc/orchestrator:test:     676|       const handlers = (service as any).resultHandlers;
@agentic-sdlc/orchestrator:test:     677|       expect(handlers.size).toBe(0);
@agentic-sdlc/orchestrator:test:        |                             ^
@agentic-sdlc/orchestrator:test:     678|     });
@agentic-sdlc/orchestrator:test:     679|   });
@agentic-sdlc/orchestrator:test: 
@agentic-sdlc/orchestrator:test: âŽ¯âŽ¯âŽ¯âŽ¯âŽ¯âŽ¯âŽ¯âŽ¯âŽ¯âŽ¯âŽ¯âŽ¯âŽ¯âŽ¯âŽ¯âŽ¯âŽ¯âŽ¯âŽ¯âŽ¯âŽ¯âŽ¯[13/18]âŽ¯
@agentic-sdlc/orchestrator:test: 
@agentic-sdlc/orchestrator:test:  FAIL  tests/services/workflow.service.test.ts > WorkflowService > createWorkflow > should successfully create a workflow
@agentic-sdlc/orchestrator:test: Error: Workflow test-workflow-id not found
@agentic-sdlc/orchestrator:test:  â¯ WorkflowService.createTaskForStage src/services/workflow.service.ts:360:13
@agentic-sdlc/orchestrator:test:     358|     if (!workflow) {
@agentic-sdlc/orchestrator:test:     359|       logger.error('Workflow not found for task creation', { workflowIâ€¦
@agentic-sdlc/orchestrator:test:     360|       throw new Error(`Workflow ${workflowId} not found`);
@agentic-sdlc/orchestrator:test:        |             ^
@agentic-sdlc/orchestrator:test:     361|     }
@agentic-sdlc/orchestrator:test:     362| 
@agentic-sdlc/orchestrator:test:  â¯ WorkflowService.createWorkflow src/services/workflow.service.ts:245:7
@agentic-sdlc/orchestrator:test:  â¯ tests/services/workflow.service.test.ts:73:22
@agentic-sdlc/orchestrator:test: 
@agentic-sdlc/orchestrator:test: âŽ¯âŽ¯âŽ¯âŽ¯âŽ¯âŽ¯âŽ¯âŽ¯âŽ¯âŽ¯âŽ¯âŽ¯âŽ¯âŽ¯âŽ¯âŽ¯âŽ¯âŽ¯âŽ¯âŽ¯âŽ¯âŽ¯[14/18]âŽ¯
@agentic-sdlc/orchestrator:test: 
@agentic-sdlc/orchestrator:test:  FAIL  src/__tests__/services/pipeline-executor.service.test.ts > PipelineExecutorService > startPipeline > should start pipeline execution successfully
@agentic-sdlc/orchestrator:test: AssertionError: expected 'running' to be 'queued' // Object.is equality
@agentic-sdlc/orchestrator:test: 
@agentic-sdlc/orchestrator:test: - Expected
@agentic-sdlc/orchestrator:test: + Received
@agentic-sdlc/orchestrator:test: 
@agentic-sdlc/orchestrator:test: - queued
@agentic-sdlc/orchestrator:test: + running
@agentic-sdlc/orchestrator:test: 
@agentic-sdlc/orchestrator:test:  â¯ src/__tests__/services/pipeline-executor.service.test.ts:85:32
@agentic-sdlc/orchestrator:test:      83|       expect(execution.pipeline_id).toBe(definition.id);
@agentic-sdlc/orchestrator:test:      84|       expect(execution.workflow_id).toBe(definition.workflow_id);
@agentic-sdlc/orchestrator:test:      85|       expect(execution.status).toBe('queued');
@agentic-sdlc/orchestrator:test:        |                                ^
@agentic-sdlc/orchestrator:test:      86|       expect(execution.trigger).toBe('manual');
@agentic-sdlc/orchestrator:test:      87|       expect(execution.triggered_by).toBe('test-user');
@agentic-sdlc/orchestrator:test: 
@agentic-sdlc/orchestrator:test: âŽ¯âŽ¯âŽ¯âŽ¯âŽ¯âŽ¯âŽ¯âŽ¯âŽ¯âŽ¯âŽ¯âŽ¯âŽ¯âŽ¯âŽ¯âŽ¯âŽ¯âŽ¯âŽ¯âŽ¯âŽ¯âŽ¯[15/18]âŽ¯
@agentic-sdlc/orchestrator:test: 
@agentic-sdlc/orchestrator:test:  FAIL  src/__tests__/services/pipeline-executor.service.test.ts > PipelineExecutorService > stage execution > should enforce quality gates
@agentic-sdlc/orchestrator:test: AssertionError: Target cannot be null or undefined.
@agentic-sdlc/orchestrator:test:  â¯ src/__tests__/services/pipeline-executor.service.test.ts:228:47
@agentic-sdlc/orchestrator:test:     226| 
@agentic-sdlc/orchestrator:test:     227|       // Stage should pass since mock returns 90% coverage
@agentic-sdlc/orchestrator:test:     228|       expect(currentExecution?.stage_results).toHaveLength(1);
@agentic-sdlc/orchestrator:test:        |                                               ^
@agentic-sdlc/orchestrator:test:     229|       expect(currentExecution?.stage_results[0].status).toBe('success'â€¦
@agentic-sdlc/orchestrator:test:     230|       expect(currentExecution?.stage_results[0].quality_gate_results).â€¦
@agentic-sdlc/orchestrator:test: 
@agentic-sdlc/orchestrator:test: âŽ¯âŽ¯âŽ¯âŽ¯âŽ¯âŽ¯âŽ¯âŽ¯âŽ¯âŽ¯âŽ¯âŽ¯âŽ¯âŽ¯âŽ¯âŽ¯âŽ¯âŽ¯âŽ¯âŽ¯âŽ¯âŽ¯[16/18]âŽ¯
@agentic-sdlc/orchestrator:test: 
@agentic-sdlc/orchestrator:test:  FAIL  src/__tests__/services/pipeline-executor.service.test.ts > PipelineExecutorService > stage execution > should fail stage when blocking quality gate fails
@agentic-sdlc/orchestrator:test: AssertionError: expected undefined to be 'failed' // Object.is equality
@agentic-sdlc/orchestrator:test: 
@agentic-sdlc/orchestrator:test: - Expected: 
@agentic-sdlc/orchestrator:test: "failed"
@agentic-sdlc/orchestrator:test: 
@agentic-sdlc/orchestrator:test: + Received: 
@agentic-sdlc/orchestrator:test: undefined
@agentic-sdlc/orchestrator:test: 
@agentic-sdlc/orchestrator:test:  â¯ src/__tests__/services/pipeline-executor.service.test.ts:293:57
@agentic-sdlc/orchestrator:test:     291| 
@agentic-sdlc/orchestrator:test:     292|       // Stage should fail
@agentic-sdlc/orchestrator:test:     293|       expect(currentExecution?.stage_results[0].status).toBe('failed');
@agentic-sdlc/orchestrator:test:        |                                                         ^
@agentic-sdlc/orchestrator:test:     294|       expect(currentExecution?.stage_results[0].error?.code).toBe('QUAâ€¦
@agentic-sdlc/orchestrator:test:     295|     });
@agentic-sdlc/orchestrator:test: 
@agentic-sdlc/orchestrator:test: âŽ¯âŽ¯âŽ¯âŽ¯âŽ¯âŽ¯âŽ¯âŽ¯âŽ¯âŽ¯âŽ¯âŽ¯âŽ¯âŽ¯âŽ¯âŽ¯âŽ¯âŽ¯âŽ¯âŽ¯âŽ¯âŽ¯[17/18]âŽ¯
@agentic-sdlc/orchestrator:test: 
@agentic-sdlc/orchestrator:test:  Test Files  9 failed | 13 passed (22)
@agentic-sdlc/orchestrator:test:       Tests  12 failed | 325 passed (380)
@agentic-sdlc/orchestrator:test:    Start at  16:34:31
@agentic-sdlc/orchestrator:test:    Duration  31.14s (transform 577ms, setup 267ms, collect 1.78s, tests 65.14s, environment 2ms, prepare 977ms)
@agentic-sdlc/orchestrator:test: 
@agentic-sdlc/orchestrator:test: 
@agentic-sdlc/orchestrator:test:  FAIL  Tests failed. Watching for file changes...
@agentic-sdlc/orchestrator:test:        press h to show help, press q to quit
@agentic-sdlc/integration-agent:test: [2K[1A[2K[G[3Jc
@agentic-sdlc/integration-agent:test:  RERUN  src/__tests__/services/git.service.test.ts x2
@agentic-sdlc/integration-agent:test: 
@agentic-sdlc/integration-agent:test:  âœ“ src/__tests__/services/git.service.test.ts  (18 tests) 7ms
@agentic-sdlc/integration-agent:test: 
@agentic-sdlc/integration-agent:test:  Test Files  1 passed (1)
@agentic-sdlc/integration-agent:test:       Tests  18 passed (18)
@agentic-sdlc/integration-agent:test:    Start at  16:35:05
@agentic-sdlc/integration-agent:test:    Duration  23ms
@agentic-sdlc/integration-agent:test: 
@agentic-sdlc/integration-agent:test: 
@agentic-sdlc/integration-agent:test:  PASS  Waiting for file changes...
@agentic-sdlc/integration-agent:test:        press h to show help, press q to quit
@agentic-sdlc/integration-agent:test:        rerun x2
